Using pre-set license
Built from '2020.3/staging' branch; Version is '2020.3.3f1 (76626098c1c4) revision 7758432'; Using compiler version '192528614'; Build Type 'Release'
OS: 'Windows 10 Pro; OS build 19042.985; Version 2009; 64bit' Language: 'ru' Physical Memory: 16244 MB
BatchMode: 1, IsHumanControllingUs: 0, StartBugReporterOnCrash: 0, Is64bit: 1, IsPro: 0

 COMMAND LINE ARGUMENTS:
D:\unity\2020.3.3f1\Editor\Unity.exe
-adb2
-batchMode
-noUpm
-name
AssetImportWorker1
-projectPath
D:/GameProject/LostInDreams
-logFile
Logs/AssetImportWorker1.log
-srvPort
58997
Successfully changed project path to: D:/GameProject/LostInDreams
D:/GameProject/LostInDreams
Using Asset Import Pipeline V2.
Refreshing native plugins compatible for Editor in 61.46 ms, found 1 plugins.
Preloading 0 native plugins for Editor in 0.00 ms.
Initialize engine version: 2020.3.3f1 (76626098c1c4)
[Subsystems] Discovering subsystems at path D:/unity/2020.3.3f1/Editor/Data/Resources/UnitySubsystems
[Subsystems] Discovering subsystems at path D:/GameProject/LostInDreams/Assets
GfxDevice: creating device client; threaded=0
Direct3D:
    Version:  Direct3D 11.0 [level 11.1]
    Renderer: NVIDIA GeForce GTX 1050 (ID=0x1c8d)
    Vendor:   
    VRAM:     4019 MB
    Driver:   27.21.14.5771
Shader 'Universal Render Pipeline/Particles/Lit': fallback shader 'Universal Render Pipeline/Particles/SimpleLit' not found
Initialize mono
Mono path[0] = 'D:/unity/2020.3.3f1/Editor/Data/Managed'
Mono path[1] = 'D:/unity/2020.3.3f1/Editor/Data/MonoBleedingEdge/lib/mono/unityjit'
Mono config path = 'D:/unity/2020.3.3f1/Editor/Data/MonoBleedingEdge/etc'
Using monoOptions --debugger-agent=transport=dt_socket,embedding=1,server=y,suspend=n,address=127.0.0.1:56408
Begin MonoManager ReloadAssembly
Registering precompiled unity dll's ...
Register platform support module: D:/unity/2020.3.3f1/Editor/Data/PlaybackEngines/WebGLSupport/UnityEditor.WebGL.Extensions.dll
Register platform support module: D:/unity/2020.3.3f1/Editor/Data/PlaybackEngines/WindowsStandaloneSupport/UnityEditor.WindowsStandalone.Extensions.dll
Registered in 0.001200 seconds.
Native extension for WindowsStandalone target not found
Native extension for WebGL target not found
Refreshing native plugins compatible for Editor in 92.13 ms, found 1 plugins.
Preloading 0 native plugins for Editor in 0.00 ms.
Invoked RoslynAnalysisRunner static constructor.
RoslynAnalysisRunner will not be running.
RoslynAnalysisRunner has terminated.
Mono: successfully reloaded assembly
- Completed reload, in  1.112 seconds
Platform modules already initialized, skipping
Registering precompiled user dll's ...
Registered in 0.001180 seconds.
Begin MonoManager ReloadAssembly
Native extension for WindowsStandalone target not found
Native extension for WebGL target not found
Refreshing native plugins compatible for Editor in 59.11 ms, found 1 plugins.
Preloading 0 native plugins for Editor in 0.00 ms.
Invoked RoslynAnalysisRunner static constructor.
RoslynAnalysisRunner will not be running.
RoslynAnalysisRunner has terminated.
Mono: successfully reloaded assembly
- Completed reload, in  1.041 seconds
Platform modules already initialized, skipping
========================================================================
Worker process is ready to serve import requests
Shader 'Universal Render Pipeline/Particles/Lit': fallback shader 'Universal Render Pipeline/Particles/SimpleLit' not found
Launched and connected shader compiler UnityShaderCompiler.exe after 0.05 seconds
Refreshing native plugins compatible for Editor in 0.54 ms, found 1 plugins.
Preloading 0 native plugins for Editor in 0.00 ms.
Unloading 2999 Unused Serialized files (Serialized files now loaded: 0)
System memory in use before: 152.8 MB.
System memory in use after: 152.8 MB.

Unloading 21 unused Assets to reduce memory usage. Loaded Objects now: 3471.
Total: 2.700000 ms (FindLiveObjects: 0.275600 ms CreateObjectMapping: 0.156800 ms MarkObjects: 2.058600 ms  DeleteObjects: 0.208100 ms)

========================================================================
Received Import Request.
  path: Assets/Resources/BSP.prefab
  artifactKey: Guid(e7d8f36c34941c5418b88720fac87cb6) Importer(815301076,1909f56bfc062723c751e8b465ee728b)
Start importing Assets/Resources/BSP.prefab using Guid(e7d8f36c34941c5418b88720fac87cb6) Importer(815301076,1909f56bfc062723c751e8b465ee728b)  -> (artifact id: 'e25a0e731fdc5c9f560f38577a5c4e10') in 0.061946 seconds
  Import took 0.067237 seconds .

========================================================================
Received Import Request.
  Time since last request: 0.000288 seconds.
  path: Assets/Resources/Enemy.prefab
  artifactKey: Guid(63642c10953c8dc48b959c03d6eea774) Importer(815301076,1909f56bfc062723c751e8b465ee728b)
Start importing Assets/Resources/Enemy.prefab using Guid(63642c10953c8dc48b959c03d6eea774) Importer(815301076,1909f56bfc062723c751e8b465ee728b)  -> (artifact id: '1d92cfacf346ae16b7115f89934ad143') in 0.186933 seconds
  Import took 0.191503 seconds .

========================================================================
Received Prepare
Registering precompiled user dll's ...
Registered in 0.001277 seconds.
Begin MonoManager ReloadAssembly
Native extension for WindowsStandalone target not found
Native extension for WebGL target not found
Refreshing native plugins compatible for Editor in 0.53 ms, found 1 plugins.
Preloading 0 native plugins for Editor in 0.00 ms.
Invoked RoslynAnalysisRunner static constructor.
RoslynAnalysisRunner will not be running.
RoslynAnalysisRunner has terminated.
Mono: successfully reloaded assembly
- Completed reload, in  1.016 seconds
Platform modules already initialized, skipping
Shader 'Universal Render Pipeline/Particles/Lit': fallback shader 'Universal Render Pipeline/Particles/SimpleLit' not found
Refreshing native plugins compatible for Editor in 0.57 ms, found 1 plugins.
Preloading 0 native plugins for Editor in 0.00 ms.
Unloading 2894 Unused Serialized files (Serialized files now loaded: 0)
System memory in use before: 151.4 MB.
System memory in use after: 151.4 MB.

Unloading 10 unused Assets to reduce memory usage. Loaded Objects now: 3520.
Total: 3.485600 ms (FindLiveObjects: 0.711500 ms CreateObjectMapping: 0.298800 ms MarkObjects: 2.190900 ms  DeleteObjects: 0.281600 ms)

========================================================================
Received Prepare
Registering precompiled user dll's ...
Registered in 0.001239 seconds.
Begin MonoManager ReloadAssembly
Native extension for WindowsStandalone target not found
Native extension for WebGL target not found
Refreshing native plugins compatible for Editor in 0.57 ms, found 1 plugins.
Preloading 0 native plugins for Editor in 0.00 ms.
Invoked RoslynAnalysisRunner static constructor.
RoslynAnalysisRunner will not be running.
RoslynAnalysisRunner has terminated.
Mono: successfully reloaded assembly
- Completed reload, in  0.971 seconds
Platform modules already initialized, skipping
Shader 'Universal Render Pipeline/Particles/Lit': fallback shader 'Universal Render Pipeline/Particles/SimpleLit' not found
Refreshing native plugins compatible for Editor in 0.53 ms, found 1 plugins.
Preloading 0 native plugins for Editor in 0.00 ms.
Unloading 2894 Unused Serialized files (Serialized files now loaded: 0)
System memory in use before: 151.5 MB.
System memory in use after: 151.5 MB.

Unloading 10 unused Assets to reduce memory usage. Loaded Objects now: 3524.
Total: 3.062300 ms (FindLiveObjects: 0.369100 ms CreateObjectMapping: 0.268800 ms MarkObjects: 2.212000 ms  DeleteObjects: 0.211000 ms)

AssetImportWorkerClient::OnTransportError - code=2 error=End of file
