Using pre-set license
Built from '2020.3/staging' branch; Version is '2020.3.3f1 (76626098c1c4) revision 7758432'; Using compiler version '192528614'; Build Type 'Release'
OS: 'Windows 10 Pro; OS build 19042.928; Version 2009; 64bit' Language: 'ru' Physical Memory: 16244 MB
BatchMode: 1, IsHumanControllingUs: 0, StartBugReporterOnCrash: 0, Is64bit: 1, IsPro: 0

 COMMAND LINE ARGUMENTS:
D:\unity\2020.3.3f1\Editor\Unity.exe
-adb2
-batchMode
-noUpm
-name
AssetImportWorker0
-projectPath
D:/GameProject/LostInDreams
-logFile
Logs/AssetImportWorker0.log
-srvPort
56964
Successfully changed project path to: D:/GameProject/LostInDreams
D:/GameProject/LostInDreams
Using Asset Import Pipeline V2.
Refreshing native plugins compatible for Editor in 48.07 ms, found 1 plugins.
Preloading 0 native plugins for Editor in 0.00 ms.
Initialize engine version: 2020.3.3f1 (76626098c1c4)
[Subsystems] Discovering subsystems at path D:/unity/2020.3.3f1/Editor/Data/Resources/UnitySubsystems
[Subsystems] Discovering subsystems at path D:/GameProject/LostInDreams/Assets
GfxDevice: creating device client; threaded=0
Direct3D:
    Version:  Direct3D 11.0 [level 11.1]
    Renderer: NVIDIA GeForce GTX 1050 (ID=0x1c8d)
    Vendor:   
    VRAM:     4019 MB
    Driver:   27.21.14.5771
Shader 'Universal Render Pipeline/Particles/Lit': fallback shader 'Universal Render Pipeline/Particles/SimpleLit' not found
Initialize mono
Mono path[0] = 'D:/unity/2020.3.3f1/Editor/Data/Managed'
Mono path[1] = 'D:/unity/2020.3.3f1/Editor/Data/MonoBleedingEdge/lib/mono/unityjit'
Mono config path = 'D:/unity/2020.3.3f1/Editor/Data/MonoBleedingEdge/etc'
Using monoOptions --debugger-agent=transport=dt_socket,embedding=1,server=y,suspend=n,address=127.0.0.1:56000
Begin MonoManager ReloadAssembly
Registering precompiled unity dll's ...
Register platform support module: D:/unity/2020.3.3f1/Editor/Data/PlaybackEngines/WebGLSupport/UnityEditor.WebGL.Extensions.dll
Register platform support module: D:/unity/2020.3.3f1/Editor/Data/PlaybackEngines/WindowsStandaloneSupport/UnityEditor.WindowsStandalone.Extensions.dll
Registered in 0.001157 seconds.
Native extension for WindowsStandalone target not found
Native extension for WebGL target not found
Refreshing native plugins compatible for Editor in 50.43 ms, found 1 plugins.
Preloading 0 native plugins for Editor in 0.00 ms.
Invoked RoslynAnalysisRunner static constructor.
RoslynAnalysisRunner will not be running.
RoslynAnalysisRunner has terminated.
Mono: successfully reloaded assembly
- Completed reload, in  0.904 seconds
Platform modules already initialized, skipping
Registering precompiled user dll's ...
Registered in 0.001051 seconds.
Begin MonoManager ReloadAssembly
Native extension for WindowsStandalone target not found
Native extension for WebGL target not found
Refreshing native plugins compatible for Editor in 50.70 ms, found 1 plugins.
Preloading 0 native plugins for Editor in 0.00 ms.
Invoked RoslynAnalysisRunner static constructor.
RoslynAnalysisRunner will not be running.
RoslynAnalysisRunner has terminated.
Mono: successfully reloaded assembly
- Completed reload, in  0.953 seconds
Platform modules already initialized, skipping
========================================================================
Worker process is ready to serve import requests
Shader 'Universal Render Pipeline/Particles/Lit': fallback shader 'Universal Render Pipeline/Particles/SimpleLit' not found
Launched and connected shader compiler UnityShaderCompiler.exe after 0.04 seconds
Refreshing native plugins compatible for Editor in 0.71 ms, found 1 plugins.
Preloading 0 native plugins for Editor in 0.00 ms.
Unloading 2952 Unused Serialized files (Serialized files now loaded: 0)
System memory in use before: 130.5 MB.
System memory in use after: 130.6 MB.

Unloading 25 unused Assets to reduce memory usage. Loaded Objects now: 3393.
Total: 5.839900 ms (FindLiveObjects: 0.667700 ms CreateObjectMapping: 0.447400 ms MarkObjects: 4.423700 ms  DeleteObjects: 0.298900 ms)

========================================================================
Received Import Request.
  path: Assets/Tiles/TilePalette.prefab
  artifactKey: Guid(031ba9ba89ea0c144b2d9cddf84eb7e3) Importer(815301076,1909f56bfc062723c751e8b465ee728b)
Start importing Assets/Tiles/TilePalette.prefab using Guid(031ba9ba89ea0c144b2d9cddf84eb7e3) Importer(815301076,1909f56bfc062723c751e8b465ee728b)  -> (artifact id: 'db772636e229fc6df6e2f8ae5ebff4c0') in 0.061030 seconds
  Import took 0.065415 seconds .

========================================================================
Received Import Request.
  Time since last request: 81.046711 seconds.
  path: Assets/Sprites/tiles.png
  artifactKey: Guid(698a0ddd42c5a374f8dd1b7eeebbcb11) Importer(815301076,1909f56bfc062723c751e8b465ee728b)
Start importing Assets/Sprites/tiles.png using Guid(698a0ddd42c5a374f8dd1b7eeebbcb11) Importer(815301076,1909f56bfc062723c751e8b465ee728b)  -> (artifact id: '47926d9f597b482cb48219e339ebf009') in 0.278511 seconds
  Import took 0.283774 seconds .

========================================================================
Received Import Request.
  Time since last request: 96.792772 seconds.
  path: Assets/Sprites/tiles.png
  artifactKey: Guid(698a0ddd42c5a374f8dd1b7eeebbcb11) Importer(815301076,1909f56bfc062723c751e8b465ee728b)
Start importing Assets/Sprites/tiles.png using Guid(698a0ddd42c5a374f8dd1b7eeebbcb11) Importer(815301076,1909f56bfc062723c751e8b465ee728b)  -> (artifact id: '8bb28437ceeb87fd48859a5a0d47337c') in 0.066428 seconds
  Import took 0.072361 seconds .

========================================================================
Received Import Request.
  Time since last request: 72.828392 seconds.
  path: Assets/Sprites/tiles.png
  artifactKey: Guid(698a0ddd42c5a374f8dd1b7eeebbcb11) Importer(815301076,1909f56bfc062723c751e8b465ee728b)
Start importing Assets/Sprites/tiles.png using Guid(698a0ddd42c5a374f8dd1b7eeebbcb11) Importer(815301076,1909f56bfc062723c751e8b465ee728b)  -> (artifact id: '204478ece5d51bd82be1388aab25776e') in 0.086039 seconds
  Import took 0.091512 seconds .

========================================================================
Received Prepare
Registering precompiled user dll's ...
Registered in 0.001233 seconds.
Begin MonoManager ReloadAssembly
Native extension for WindowsStandalone target not found
Native extension for WebGL target not found
Refreshing native plugins compatible for Editor in 0.47 ms, found 1 plugins.
Preloading 0 native plugins for Editor in 0.00 ms.
Invoked RoslynAnalysisRunner static constructor.
RoslynAnalysisRunner will not be running.
RoslynAnalysisRunner has terminated.
Mono: successfully reloaded assembly
- Completed reload, in  0.862 seconds
Platform modules already initialized, skipping
Shader 'Universal Render Pipeline/Particles/Lit': fallback shader 'Universal Render Pipeline/Particles/SimpleLit' not found
Refreshing native plugins compatible for Editor in 0.54 ms, found 1 plugins.
Preloading 0 native plugins for Editor in 0.00 ms.
Unloading 2843 Unused Serialized files (Serialized files now loaded: 0)
System memory in use before: 126.6 MB.
System memory in use after: 126.7 MB.

Unloading 13 unused Assets to reduce memory usage. Loaded Objects now: 3438.
Total: 2.573100 ms (FindLiveObjects: 0.281100 ms CreateObjectMapping: 0.154100 ms MarkObjects: 2.031300 ms  DeleteObjects: 0.105900 ms)

========================================================================
Received Prepare
Registering precompiled user dll's ...
Registered in 0.001334 seconds.
Begin MonoManager ReloadAssembly
Native extension for WindowsStandalone target not found
Native extension for WebGL target not found
Refreshing native plugins compatible for Editor in 0.68 ms, found 1 plugins.
Preloading 0 native plugins for Editor in 0.00 ms.
Invoked RoslynAnalysisRunner static constructor.
RoslynAnalysisRunner will not be running.
RoslynAnalysisRunner has terminated.
Mono: successfully reloaded assembly
- Completed reload, in  1.094 seconds
Platform modules already initialized, skipping
Shader 'Universal Render Pipeline/Particles/Lit': fallback shader 'Universal Render Pipeline/Particles/SimpleLit' not found
Refreshing native plugins compatible for Editor in 1.08 ms, found 1 plugins.
Preloading 0 native plugins for Editor in 0.00 ms.
Unloading 2843 Unused Serialized files (Serialized files now loaded: 0)
System memory in use before: 126.7 MB.
System memory in use after: 126.8 MB.

Unloading 13 unused Assets to reduce memory usage. Loaded Objects now: 3442.
Total: 4.299700 ms (FindLiveObjects: 0.432800 ms CreateObjectMapping: 0.211600 ms MarkObjects: 3.529900 ms  DeleteObjects: 0.123000 ms)

========================================================================
Received Import Request.
  Time since last request: 599.931840 seconds.
  path: Assets/Sprites/New Lighting Settings.lighting
  artifactKey: Guid(bfda499458fca7940aaaa65bda770351) Importer(815301076,1909f56bfc062723c751e8b465ee728b)
Start importing Assets/Sprites/New Lighting Settings.lighting using Guid(bfda499458fca7940aaaa65bda770351) Importer(815301076,1909f56bfc062723c751e8b465ee728b)  -> (artifact id: '5432117469d964bfeb5146d61d23fafa') in 0.019020 seconds
  Import took 0.023620 seconds .

AssetImportWorkerClient::OnTransportError - code=2 error=End of file
