Using pre-set license
Built from '2020.3/staging' branch; Version is '2020.3.3f1 (76626098c1c4) revision 7758432'; Using compiler version '192528614'; Build Type 'Release'
OS: 'Windows 10 Home; OS build 19042.985; Version 2009; 64bit' Language: 'ru' Physical Memory: 7990 MB
BatchMode: 1, IsHumanControllingUs: 0, StartBugReporterOnCrash: 0, Is64bit: 1, IsPro: 0

 COMMAND LINE ARGUMENTS:
C:\Program Files\Unity\Hub\Editor\2020.3.3f1\Editor\Unity.exe
-adb2
-batchMode
-noUpm
-name
AssetImportWorker0
-projectPath
C:/Users/Даша/UnityProjects/LostInDreams/LostInDreams
-logFile
Logs/AssetImportWorker0.log
-srvPort
60575
Successfully changed project path to: C:/Users/Даша/UnityProjects/LostInDreams/LostInDreams
C:/Users/Даша/UnityProjects/LostInDreams/LostInDreams
Using Asset Import Pipeline V2.
Refreshing native plugins compatible for Editor in 121.83 ms, found 1 plugins.
Preloading 0 native plugins for Editor in 0.00 ms.
Initialize engine version: 2020.3.3f1 (76626098c1c4)
[Subsystems] Discovering subsystems at path C:/Program Files/Unity/Hub/Editor/2020.3.3f1/Editor/Data/Resources/UnitySubsystems
[Subsystems] Discovering subsystems at path C:/Users/Даша/UnityProjects/LostInDreams/LostInDreams/Assets
GfxDevice: creating device client; threaded=0
Direct3D:
    Version:  Direct3D 11.0 [level 11.1]
    Renderer: Intel(R) UHD Graphics 620 (ID=0x3ea0)
    Vendor:   
    VRAM:     3995 MB
    Driver:   26.20.100.7372
Shader 'Universal Render Pipeline/Particles/Lit': fallback shader 'Universal Render Pipeline/Particles/SimpleLit' not found
Initialize mono
Mono path[0] = 'C:/Program Files/Unity/Hub/Editor/2020.3.3f1/Editor/Data/Managed'
Mono path[1] = 'C:/Program Files/Unity/Hub/Editor/2020.3.3f1/Editor/Data/MonoBleedingEdge/lib/mono/unityjit'
Mono config path = 'C:/Program Files/Unity/Hub/Editor/2020.3.3f1/Editor/Data/MonoBleedingEdge/etc'
Using monoOptions --debugger-agent=transport=dt_socket,embedding=1,server=y,suspend=n,address=127.0.0.1:56164
Begin MonoManager ReloadAssembly
Registering precompiled unity dll's ...
Register platform support module: C:/Program Files/Unity/Hub/Editor/2020.3.3f1/Editor/Data/PlaybackEngines/WindowsStandaloneSupport/UnityEditor.WindowsStandalone.Extensions.dll
Registered in 0.002422 seconds.
Native extension for WindowsStandalone target not found
Refreshing native plugins compatible for Editor in 76.27 ms, found 1 plugins.
Preloading 0 native plugins for Editor in 0.00 ms.
Invoked RoslynAnalysisRunner static constructor.
RoslynAnalysisRunner will not be running.
RoslynAnalysisRunner has terminated.
Mono: successfully reloaded assembly
- Completed reload, in  3.523 seconds
Platform modules already initialized, skipping
Registering precompiled user dll's ...
Registered in 0.001767 seconds.
Begin MonoManager ReloadAssembly
Native extension for WindowsStandalone target not found
Refreshing native plugins compatible for Editor in 81.68 ms, found 1 plugins.
Preloading 0 native plugins for Editor in 0.00 ms.
Invoked RoslynAnalysisRunner static constructor.
RoslynAnalysisRunner will not be running.
RoslynAnalysisRunner has terminated.
Mono: successfully reloaded assembly
- Completed reload, in  1.303 seconds
Platform modules already initialized, skipping
========================================================================
Worker process is ready to serve import requests
Shader 'Universal Render Pipeline/Particles/Lit': fallback shader 'Universal Render Pipeline/Particles/SimpleLit' not found
Launched and connected shader compiler UnityShaderCompiler.exe after 0.06 seconds
Refreshing native plugins compatible for Editor in 0.74 ms, found 1 plugins.
Preloading 0 native plugins for Editor in 0.00 ms.
Unloading 2996 Unused Serialized files (Serialized files now loaded: 0)
System memory in use before: 152.7 MB.
System memory in use after: 152.7 MB.

Unloading 21 unused Assets to reduce memory usage. Loaded Objects now: 3468.
Total: 3.340500 ms (FindLiveObjects: 0.314200 ms CreateObjectMapping: 0.148900 ms MarkObjects: 2.602500 ms  DeleteObjects: 0.273500 ms)

========================================================================
Received Import Request.
  path: Assets/Scripts/Scripts.asmdef
  artifactKey: Guid(80c59b38e02898e4fae83d561dee4e5a) Importer(815301076,1909f56bfc062723c751e8b465ee728b)
Start importing Assets/Scripts/Scripts.asmdef using Guid(80c59b38e02898e4fae83d561dee4e5a) Importer(815301076,1909f56bfc062723c751e8b465ee728b)  -> (artifact id: '01b6692f89d64635bc8fdb0a697a4e0f') in 0.029836 seconds
  Import took 0.036128 seconds .

========================================================================
Received Import Request.
  Time since last request: 0.000333 seconds.
  path: Assets/Scripts/BSPGenerator.cs
  artifactKey: Guid(7865a7316fb3f1049bf7365d2edf896e) Importer(815301076,1909f56bfc062723c751e8b465ee728b)
Start importing Assets/Scripts/BSPGenerator.cs using Guid(7865a7316fb3f1049bf7365d2edf896e) Importer(815301076,1909f56bfc062723c751e8b465ee728b)  -> (artifact id: 'b81c80e4cbcb4ee66f8d275d0da7ce71') in 0.018509 seconds
  Import took 0.025918 seconds .

========================================================================
Received Import Request.
  Time since last request: 14.340626 seconds.
  path: Assets/Prefabs/Bullet.prefab
  artifactKey: Guid(78098e034c6222146ac83ed5229a6d7b) Importer(815301076,1909f56bfc062723c751e8b465ee728b)
Start importing Assets/Prefabs/Bullet.prefab using Guid(78098e034c6222146ac83ed5229a6d7b) Importer(815301076,1909f56bfc062723c751e8b465ee728b)  -> (artifact id: 'cd3d491183b89ff286064bc9ab98bbe5') in 0.254300 seconds
  Import took 0.260971 seconds .

========================================================================
Received Import Request.
  Time since last request: 0.000300 seconds.
  path: Assets/Prefabs/Dungeon_Tileset_98.asset
  artifactKey: Guid(f2288bb21f76be040b5eab892d3d6b6e) Importer(815301076,1909f56bfc062723c751e8b465ee728b)
Start importing Assets/Prefabs/Dungeon_Tileset_98.asset using Guid(f2288bb21f76be040b5eab892d3d6b6e) Importer(815301076,1909f56bfc062723c751e8b465ee728b)  -> (artifact id: 'af04c2e1dc8824f3f27200162a91d508') in 0.044658 seconds
  Import took 0.052201 seconds .

========================================================================
Received Import Request.
  Time since last request: 0.000075 seconds.
  path: Assets/Prefabs/shotGunImage.prefab
  artifactKey: Guid(6208532c3c24c5b4cbc541c21efbdb39) Importer(815301076,1909f56bfc062723c751e8b465ee728b)
Start importing Assets/Prefabs/shotGunImage.prefab using Guid(6208532c3c24c5b4cbc541c21efbdb39) Importer(815301076,1909f56bfc062723c751e8b465ee728b)  -> (artifact id: '1b899d32b8b5c0c283138160c8a9c09b') in 0.026276 seconds
  Import took 0.038993 seconds .

========================================================================
Received Import Request.
  Time since last request: 0.000352 seconds.
  path: Assets/Prefabs/bullets.png
  artifactKey: Guid(1d34d9318195c6249a998bc362701a5a) Importer(815301076,1909f56bfc062723c751e8b465ee728b)
Start importing Assets/Prefabs/bullets.png using Guid(1d34d9318195c6249a998bc362701a5a) Importer(815301076,1909f56bfc062723c751e8b465ee728b)  -> (artifact id: '73a808543609e9572c640b9d6c16d545') in 0.142860 seconds
  Import took 0.149455 seconds .

========================================================================
Received Import Request.
  Time since last request: 0.000266 seconds.
  path: Assets/Prefabs/ShieldImage.prefab
  artifactKey: Guid(57db62723f22fc6429330b4a2d6765a1) Importer(815301076,1909f56bfc062723c751e8b465ee728b)
Start importing Assets/Prefabs/ShieldImage.prefab using Guid(57db62723f22fc6429330b4a2d6765a1) Importer(815301076,1909f56bfc062723c751e8b465ee728b)  -> (artifact id: '3fce6568f55b0ea81665ca8fcc2f646a') in 0.013750 seconds
  Import took 0.019126 seconds .

========================================================================
Received Import Request.
  Time since last request: 0.000231 seconds.
  path: Assets/Prefabs/Sprite-Lit-Default.mat
  artifactKey: Guid(d07cb69943ec56244a2f376201d96cd0) Importer(815301076,1909f56bfc062723c751e8b465ee728b)
Start importing Assets/Prefabs/Sprite-Lit-Default.mat using Guid(d07cb69943ec56244a2f376201d96cd0) Importer(815301076,1909f56bfc062723c751e8b465ee728b)  -> (artifact id: 'f3095a0258e2f3d26c811d37609a0c83') in 0.064579 seconds
  Import took 0.070591 seconds .

========================================================================
Received Import Request.
  Time since last request: 0.000334 seconds.
  path: Assets/Prefabs/trap.prefab
  artifactKey: Guid(5ddb5439fc21879468377a1abd159462) Importer(815301076,1909f56bfc062723c751e8b465ee728b)
Start importing Assets/Prefabs/trap.prefab using Guid(5ddb5439fc21879468377a1abd159462) Importer(815301076,1909f56bfc062723c751e8b465ee728b)  -> (artifact id: 'c942119542d329ab7df23249285fb89b') in 0.024064 seconds
  Import took 0.030237 seconds .

========================================================================
Received Import Request.
  Time since last request: 0.000145 seconds.
  path: Assets/Prefabs/shotGun.prefab
  artifactKey: Guid(b056a7c689db3a8428ceb3a741dbc4e2) Importer(815301076,1909f56bfc062723c751e8b465ee728b)
Start importing Assets/Prefabs/shotGun.prefab using Guid(b056a7c689db3a8428ceb3a741dbc4e2) Importer(815301076,1909f56bfc062723c751e8b465ee728b)  -> (artifact id: '956871fcc92f07cf6a9478518dc0efd7') in 0.029002 seconds
  Import took 0.035629 seconds .

========================================================================
Received Import Request.
  Time since last request: 0.000220 seconds.
  path: Assets/Prefabs/Projectile.prefab
  artifactKey: Guid(d6e8b8e079b7a504fbcf907121feb1d3) Importer(815301076,1909f56bfc062723c751e8b465ee728b)
Start importing Assets/Prefabs/Projectile.prefab using Guid(d6e8b8e079b7a504fbcf907121feb1d3) Importer(815301076,1909f56bfc062723c751e8b465ee728b)  -> (artifact id: 'd28fe73ba8d75959ad8dbbf58bac7a9c') in 0.014766 seconds
  Import took 0.021187 seconds .

========================================================================
Received Import Request.
  Time since last request: 0.000211 seconds.
  path: Assets/Prefabs/Main Camera.prefab
  artifactKey: Guid(5c9f091ceccdcf945a4472c1187c4cdb) Importer(815301076,1909f56bfc062723c751e8b465ee728b)
Start importing Assets/Prefabs/Main Camera.prefab using Guid(5c9f091ceccdcf945a4472c1187c4cdb) Importer(815301076,1909f56bfc062723c751e8b465ee728b)  -> (artifact id: '1c4a262989731d889c1b894278d1753c') in 0.016581 seconds
  Import took 0.024483 seconds .

========================================================================
Received Import Request.
  Time since last request: 0.000245 seconds.
  path: Assets/Prefabs/monster.png
  artifactKey: Guid(68fa36e129df535469b4be72fe58c015) Importer(815301076,1909f56bfc062723c751e8b465ee728b)
Start importing Assets/Prefabs/monster.png using Guid(68fa36e129df535469b4be72fe58c015) Importer(815301076,1909f56bfc062723c751e8b465ee728b)  -> (artifact id: '26c0d02812dee913aa8975abe245f743') in 0.020466 seconds
  Import took 0.027806 seconds .

========================================================================
Received Import Request.
  Time since last request: 0.000218 seconds.
  path: Assets/Prefabs/Torch 1.prefab
  artifactKey: Guid(e9e01f5c72cbc9445bcd70b71d4a51cb) Importer(815301076,1909f56bfc062723c751e8b465ee728b)
Start importing Assets/Prefabs/Torch 1.prefab using Guid(e9e01f5c72cbc9445bcd70b71d4a51cb) Importer(815301076,1909f56bfc062723c751e8b465ee728b)  -> (artifact id: '50d6529f18330067087625e89067fea7') in 0.021598 seconds
  Import took 0.028611 seconds .

========================================================================
Received Import Request.
  Time since last request: 0.000200 seconds.
  path: Assets/Prefabs/SalveImage 1.prefab
  artifactKey: Guid(0f0a255f0af90f24b9f08dbb6b1ffbed) Importer(815301076,1909f56bfc062723c751e8b465ee728b)
Start importing Assets/Prefabs/SalveImage 1.prefab using Guid(0f0a255f0af90f24b9f08dbb6b1ffbed) Importer(815301076,1909f56bfc062723c751e8b465ee728b)  -> (artifact id: '51d37aafba168b12add0ed19ef425d17') in 0.011961 seconds
  Import took 0.021013 seconds .

========================================================================
Received Import Request.
  Time since last request: 0.000180 seconds.
  path: Assets/Prefabs/KeyImage.prefab
  artifactKey: Guid(39f2d44390f59b24aa0a1681b9cdeff8) Importer(815301076,1909f56bfc062723c751e8b465ee728b)
Start importing Assets/Prefabs/KeyImage.prefab using Guid(39f2d44390f59b24aa0a1681b9cdeff8) Importer(815301076,1909f56bfc062723c751e8b465ee728b)  -> (artifact id: '22c5ad2e7eda0a4bc7e457ed28bf1428') in 0.011419 seconds
  Import took 0.017947 seconds .

========================================================================
Received Import Request.
  Time since last request: 0.000152 seconds.
  path: Assets/Prefabs/redBullet.prefab
  artifactKey: Guid(32f335560e6365d428df0785012966ff) Importer(815301076,1909f56bfc062723c751e8b465ee728b)
Start importing Assets/Prefabs/redBullet.prefab using Guid(32f335560e6365d428df0785012966ff) Importer(815301076,1909f56bfc062723c751e8b465ee728b)  -> (artifact id: 'dc32e379f20f57f75260a063de3e59c0') in 0.020018 seconds
  Import took 0.026023 seconds .

========================================================================
Received Import Request.
  Time since last request: 0.000175 seconds.
  path: Assets/Prefabs/EnemyBullet.prefab
  artifactKey: Guid(de57b5b4ceea7d149a5dde929e5a645d) Importer(815301076,1909f56bfc062723c751e8b465ee728b)
Start importing Assets/Prefabs/EnemyBullet.prefab using Guid(de57b5b4ceea7d149a5dde929e5a645d) Importer(815301076,1909f56bfc062723c751e8b465ee728b)  -> (artifact id: '100537029e9fe0411e219926f773e01e') in 0.022470 seconds
  Import took 0.030696 seconds .

========================================================================
Received Import Request.
  Time since last request: 0.000177 seconds.
  path: Assets/Prefabs/New Material.mat
  artifactKey: Guid(5e8d875278073b44c832d8dc720da47c) Importer(815301076,1909f56bfc062723c751e8b465ee728b)
Start importing Assets/Prefabs/New Material.mat using Guid(5e8d875278073b44c832d8dc720da47c) Importer(815301076,1909f56bfc062723c751e8b465ee728b)  -> (artifact id: 'ff65d88838d4abd8ecf422dd4d50da21') in 0.031005 seconds
  Import took 0.039017 seconds .

========================================================================
Received Import Request.
  Time since last request: 0.974320 seconds.
  path: Assets/Prefabs/BossBullet.prefab
  artifactKey: Guid(2a0c543ed8a245b43aec1b866ac7e21c) Importer(815301076,1909f56bfc062723c751e8b465ee728b)
Start importing Assets/Prefabs/BossBullet.prefab using Guid(2a0c543ed8a245b43aec1b866ac7e21c) Importer(815301076,1909f56bfc062723c751e8b465ee728b)  -> (artifact id: '0361223ade9d9d0248a5631ed4cf3997') in 0.008747 seconds
  Import took 0.014789 seconds .

========================================================================
Received Import Request.
  Time since last request: 110.105024 seconds.
  path: Assets/Prefabs/BossBullet.prefab
  artifactKey: Guid(2a0c543ed8a245b43aec1b866ac7e21c) Importer(815301076,1909f56bfc062723c751e8b465ee728b)
Start importing Assets/Prefabs/BossBullet.prefab using Guid(2a0c543ed8a245b43aec1b866ac7e21c) Importer(815301076,1909f56bfc062723c751e8b465ee728b)  -> (artifact id: '2555846c5bed7abbdd506d495370eda6') in 0.016155 seconds
  Import took 0.023010 seconds .

========================================================================
Received Import Request.
  Time since last request: 0.063229 seconds.
  path: Assets/Prefabs/BossBullet.prefab
  artifactKey: Guid(2a0c543ed8a245b43aec1b866ac7e21c) Importer(815301076,1909f56bfc062723c751e8b465ee728b)
Start importing Assets/Prefabs/BossBullet.prefab using Guid(2a0c543ed8a245b43aec1b866ac7e21c) Importer(815301076,1909f56bfc062723c751e8b465ee728b)  -> (artifact id: '2555846c5bed7abbdd506d495370eda6') in 0.013586 seconds
  Import took 0.019158 seconds .

========================================================================
Received Import Request.
  Time since last request: 4.286033 seconds.
  path: Assets/Prefabs/Boss.prefab
  artifactKey: Guid(afd8a04bcae57c545a7fb23bc9e89cc6) Importer(815301076,1909f56bfc062723c751e8b465ee728b)
Start importing Assets/Prefabs/Boss.prefab using Guid(afd8a04bcae57c545a7fb23bc9e89cc6) Importer(815301076,1909f56bfc062723c751e8b465ee728b)  -> (artifact id: '33d42a2c37e096009ae394dfbd954abf') in 0.011755 seconds
  Import took 0.018172 seconds .

========================================================================
Received Import Request.
  Time since last request: 22.089501 seconds.
  path: Assets/Prefabs/Boss.prefab
  artifactKey: Guid(afd8a04bcae57c545a7fb23bc9e89cc6) Importer(815301076,1909f56bfc062723c751e8b465ee728b)
Start importing Assets/Prefabs/Boss.prefab using Guid(afd8a04bcae57c545a7fb23bc9e89cc6) Importer(815301076,1909f56bfc062723c751e8b465ee728b)  -> (artifact id: 'b0806fbe1d68b940edd32ec712ad98c7') in 0.036820 seconds
  Import took 0.043456 seconds .

========================================================================
Received Import Request.
  Time since last request: 0.004634 seconds.
  path: Assets/Prefabs/Boss.prefab
  artifactKey: Guid(afd8a04bcae57c545a7fb23bc9e89cc6) Importer(815301076,1909f56bfc062723c751e8b465ee728b)
Start importing Assets/Prefabs/Boss.prefab using Guid(afd8a04bcae57c545a7fb23bc9e89cc6) Importer(815301076,1909f56bfc062723c751e8b465ee728b)  -> (artifact id: 'b0806fbe1d68b940edd32ec712ad98c7') in 0.015962 seconds
  Import took 0.021639 seconds .

========================================================================
Received Prepare
Registering precompiled user dll's ...
Registered in 0.001990 seconds.
Begin MonoManager ReloadAssembly
Native extension for WindowsStandalone target not found
Refreshing native plugins compatible for Editor in 0.67 ms, found 1 plugins.
Preloading 0 native plugins for Editor in 0.00 ms.
Invoked RoslynAnalysisRunner static constructor.
RoslynAnalysisRunner will not be running.
RoslynAnalysisRunner has terminated.
Mono: successfully reloaded assembly
- Completed reload, in  1.076 seconds
Platform modules already initialized, skipping
Shader 'Universal Render Pipeline/Particles/Lit': fallback shader 'Universal Render Pipeline/Particles/SimpleLit' not found
Refreshing native plugins compatible for Editor in 0.77 ms, found 1 plugins.
Preloading 0 native plugins for Editor in 0.00 ms.
Unloading 2891 Unused Serialized files (Serialized files now loaded: 0)
System memory in use before: 151.7 MB.
System memory in use after: 151.7 MB.

Unloading 10 unused Assets to reduce memory usage. Loaded Objects now: 3558.
Total: 9.377300 ms (FindLiveObjects: 1.085600 ms CreateObjectMapping: 0.338200 ms MarkObjects: 7.498300 ms  DeleteObjects: 0.452900 ms)

========================================================================
Received Prepare
Registering precompiled user dll's ...
Registered in 0.001577 seconds.
Begin MonoManager ReloadAssembly
Native extension for WindowsStandalone target not found
Refreshing native plugins compatible for Editor in 0.71 ms, found 1 plugins.
Preloading 0 native plugins for Editor in 0.00 ms.
Invoked RoslynAnalysisRunner static constructor.
RoslynAnalysisRunner will not be running.
RoslynAnalysisRunner has terminated.
Mono: successfully reloaded assembly
- Completed reload, in  1.067 seconds
Platform modules already initialized, skipping
Shader 'Universal Render Pipeline/Particles/Lit': fallback shader 'Universal Render Pipeline/Particles/SimpleLit' not found
Refreshing native plugins compatible for Editor in 0.77 ms, found 1 plugins.
Preloading 0 native plugins for Editor in 0.00 ms.
Unloading 2891 Unused Serialized files (Serialized files now loaded: 0)
System memory in use before: 151.7 MB.
System memory in use after: 151.7 MB.

Unloading 10 unused Assets to reduce memory usage. Loaded Objects now: 3562.
Total: 5.117500 ms (FindLiveObjects: 0.678600 ms CreateObjectMapping: 0.241100 ms MarkObjects: 3.906300 ms  DeleteObjects: 0.289800 ms)

========================================================================
Received Prepare
Registering precompiled user dll's ...
Registered in 0.001452 seconds.
Begin MonoManager ReloadAssembly
Native extension for WindowsStandalone target not found
Refreshing native plugins compatible for Editor in 1.00 ms, found 1 plugins.
Preloading 0 native plugins for Editor in 0.00 ms.
Invoked RoslynAnalysisRunner static constructor.
RoslynAnalysisRunner will not be running.
RoslynAnalysisRunner has terminated.
Mono: successfully reloaded assembly
- Completed reload, in  1.015 seconds
Platform modules already initialized, skipping
Shader 'Universal Render Pipeline/Particles/Lit': fallback shader 'Universal Render Pipeline/Particles/SimpleLit' not found
Refreshing native plugins compatible for Editor in 0.72 ms, found 1 plugins.
Preloading 0 native plugins for Editor in 0.00 ms.
Unloading 2891 Unused Serialized files (Serialized files now loaded: 0)
System memory in use before: 151.7 MB.
System memory in use after: 151.8 MB.

Unloading 10 unused Assets to reduce memory usage. Loaded Objects now: 3566.
Total: 3.746000 ms (FindLiveObjects: 0.321600 ms CreateObjectMapping: 0.146000 ms MarkObjects: 2.943100 ms  DeleteObjects: 0.334100 ms)

========================================================================
Received Prepare
Registering precompiled user dll's ...
Registered in 0.002045 seconds.
Begin MonoManager ReloadAssembly
Native extension for WindowsStandalone target not found
Refreshing native plugins compatible for Editor in 0.70 ms, found 1 plugins.
Preloading 0 native plugins for Editor in 0.00 ms.
Invoked RoslynAnalysisRunner static constructor.
RoslynAnalysisRunner will not be running.
RoslynAnalysisRunner has terminated.
Mono: successfully reloaded assembly
- Completed reload, in  1.213 seconds
Platform modules already initialized, skipping
Shader 'Universal Render Pipeline/Particles/Lit': fallback shader 'Universal Render Pipeline/Particles/SimpleLit' not found
Refreshing native plugins compatible for Editor in 0.88 ms, found 1 plugins.
Preloading 0 native plugins for Editor in 0.00 ms.
Unloading 2891 Unused Serialized files (Serialized files now loaded: 0)
System memory in use before: 151.8 MB.
System memory in use after: 151.8 MB.

Unloading 10 unused Assets to reduce memory usage. Loaded Objects now: 3570.
Total: 3.821400 ms (FindLiveObjects: 0.400600 ms CreateObjectMapping: 0.201700 ms MarkObjects: 2.963000 ms  DeleteObjects: 0.254800 ms)

========================================================================
Received Import Request.
  Time since last request: 164.160830 seconds.
  path: Assets/Resources/AudioMixer.mixer
  artifactKey: Guid(3eb798cdde570854fbc55316c2a12d82) Importer(815301076,1909f56bfc062723c751e8b465ee728b)
Start importing Assets/Resources/AudioMixer.mixer using Guid(3eb798cdde570854fbc55316c2a12d82) Importer(815301076,1909f56bfc062723c751e8b465ee728b)  -> (artifact id: 'e88e3950eff8b966d796d408faa87bb0') in 0.054816 seconds
  Import took 0.064493 seconds .

========================================================================
Received Import Request.
  Time since last request: 0.000241 seconds.
  path: Assets/Resources/shootingEnemy.prefab
  artifactKey: Guid(70c80b6204ca51b4290be3a9615ba94e) Importer(815301076,1909f56bfc062723c751e8b465ee728b)
Start importing Assets/Resources/shootingEnemy.prefab using Guid(70c80b6204ca51b4290be3a9615ba94e) Importer(815301076,1909f56bfc062723c751e8b465ee728b)  -> (artifact id: '5c10b19661eabe04433a5a1ec8b763d1') in 0.186135 seconds
  Import took 0.193216 seconds .

========================================================================
Received Import Request.
  Time since last request: 0.000260 seconds.
  path: Assets/Resources/Explosion.prefab
  artifactKey: Guid(16b516a71aa877346887ba3762fcf059) Importer(815301076,1909f56bfc062723c751e8b465ee728b)
Start importing Assets/Resources/Explosion.prefab using Guid(16b516a71aa877346887ba3762fcf059) Importer(815301076,1909f56bfc062723c751e8b465ee728b)  -> (artifact id: '599d72adae017cba2a217c5ee566cb2c') in 0.016160 seconds
  Import took 0.021771 seconds .

========================================================================
Received Import Request.
  Time since last request: 0.000275 seconds.
  path: Assets/Resources/sw.mp3
  artifactKey: Guid(4b6b78283ff0ad2449b357bd42008772) Importer(815301076,1909f56bfc062723c751e8b465ee728b)
Start importing Assets/Resources/sw.mp3 using Guid(4b6b78283ff0ad2449b357bd42008772) Importer(815301076,1909f56bfc062723c751e8b465ee728b)  -> (artifact id: 'bf9f19e131a39c4ac8122a51041193b9') in 0.092666 seconds
  Import took 0.099084 seconds .

========================================================================
Received Import Request.
  Time since last request: 0.000209 seconds.
  path: Assets/Resources/AudioMixer.mixer
  artifactKey: Guid(3eb798cdde570854fbc55316c2a12d82) Importer(815301076,1909f56bfc062723c751e8b465ee728b)
Start importing Assets/Resources/AudioMixer.mixer using Guid(3eb798cdde570854fbc55316c2a12d82) Importer(815301076,1909f56bfc062723c751e8b465ee728b)  -> (artifact id: 'e88e3950eff8b966d796d408faa87bb0') in 0.003938 seconds
  Import took 0.009276 seconds .

========================================================================
Received Import Request.
  Time since last request: 0.000196 seconds.
  path: Assets/Resources/BSP.prefab
  artifactKey: Guid(e7d8f36c34941c5418b88720fac87cb6) Importer(815301076,1909f56bfc062723c751e8b465ee728b)
Start importing Assets/Resources/BSP.prefab using Guid(e7d8f36c34941c5418b88720fac87cb6) Importer(815301076,1909f56bfc062723c751e8b465ee728b)  -> (artifact id: 'b0362dc6cf919b3b3f7b50e1841c49a9') in 0.016924 seconds
  Import took 0.024553 seconds .

========================================================================
Received Import Request.
  Time since last request: 0.000310 seconds.
  path: Assets/Resources/jump.mp3
  artifactKey: Guid(1dae67f6ed5945048afde86750b3c431) Importer(815301076,1909f56bfc062723c751e8b465ee728b)
Start importing Assets/Resources/jump.mp3 using Guid(1dae67f6ed5945048afde86750b3c431) Importer(815301076,1909f56bfc062723c751e8b465ee728b)  -> (artifact id: 'ca98fb3f77d92a465d6becb476a0828a') in 0.017330 seconds
  Import took 0.023231 seconds .

========================================================================
Received Import Request.
  Time since last request: 0.000160 seconds.
  path: Assets/Resources/shot.mp3
  artifactKey: Guid(72eb1760701a5234ea00073925dff742) Importer(815301076,1909f56bfc062723c751e8b465ee728b)
Start importing Assets/Resources/shot.mp3 using Guid(72eb1760701a5234ea00073925dff742) Importer(815301076,1909f56bfc062723c751e8b465ee728b)  -> (artifact id: '57b5cc6ddcbdd422aabaf83c94caadff') in 0.021056 seconds
  Import took 0.027554 seconds .

========================================================================
Received Import Request.
  Time since last request: 0.000160 seconds.
  path: Assets/Resources/Player.prefab
  artifactKey: Guid(ba515cb1a2d77f043ba5a4e2be7c5be5) Importer(815301076,1909f56bfc062723c751e8b465ee728b)
Start importing Assets/Resources/Player.prefab using Guid(ba515cb1a2d77f043ba5a4e2be7c5be5) Importer(815301076,1909f56bfc062723c751e8b465ee728b)  -> (artifact id: 'aaaf211aabf45a44020f9ddd76b148b8') in 0.043400 seconds
  Import took 0.049368 seconds .

========================================================================
Received Import Request.
  Time since last request: 0.000220 seconds.
  path: Assets/Resources/Enemy.prefab
  artifactKey: Guid(63642c10953c8dc48b959c03d6eea774) Importer(815301076,1909f56bfc062723c751e8b465ee728b)
Start importing Assets/Resources/Enemy.prefab using Guid(63642c10953c8dc48b959c03d6eea774) Importer(815301076,1909f56bfc062723c751e8b465ee728b)  -> (artifact id: 'fffa935e4da6095cbb0e36985816df78') in 0.018802 seconds
  Import took 0.025380 seconds .

========================================================================
Received Import Request.
  Time since last request: 0.000334 seconds.
  path: Assets/Resources/pong.mp3
  artifactKey: Guid(a9573dee84a381442ae21a14d8af9faa) Importer(815301076,1909f56bfc062723c751e8b465ee728b)
Start importing Assets/Resources/pong.mp3 using Guid(a9573dee84a381442ae21a14d8af9faa) Importer(815301076,1909f56bfc062723c751e8b465ee728b)  -> (artifact id: 'd69def1890ba552bfd8c9439338c1797') in 0.020737 seconds
  Import took 0.027543 seconds .

========================================================================
Received Prepare
Registering precompiled user dll's ...
Registered in 0.037366 seconds.
Begin MonoManager ReloadAssembly
Native extension for WindowsStandalone target not found
Refreshing native plugins compatible for Editor in 1.01 ms, found 1 plugins.
Preloading 0 native plugins for Editor in 0.00 ms.
Invoked RoslynAnalysisRunner static constructor.
RoslynAnalysisRunner will not be running.
RoslynAnalysisRunner has terminated.
Mono: successfully reloaded assembly
- Completed reload, in  1.882 seconds
Platform modules already initialized, skipping
Shader 'Universal Render Pipeline/Particles/Lit': fallback shader 'Universal Render Pipeline/Particles/SimpleLit' not found
Refreshing native plugins compatible for Editor in 0.73 ms, found 1 plugins.
Preloading 0 native plugins for Editor in 0.00 ms.
Unloading 2891 Unused Serialized files (Serialized files now loaded: 0)
System memory in use before: 151.9 MB.
System memory in use after: 152.0 MB.

Unloading 10 unused Assets to reduce memory usage. Loaded Objects now: 3612.
Total: 7.525400 ms (FindLiveObjects: 2.750800 ms CreateObjectMapping: 1.092700 ms MarkObjects: 3.237800 ms  DeleteObjects: 0.442500 ms)

========================================================================
Received Prepare
Registering precompiled user dll's ...
Registered in 0.004191 seconds.
Begin MonoManager ReloadAssembly
Native extension for WindowsStandalone target not found
Refreshing native plugins compatible for Editor in 1.63 ms, found 1 plugins.
Preloading 0 native plugins for Editor in 0.00 ms.
Invoked RoslynAnalysisRunner static constructor.
RoslynAnalysisRunner will not be running.
RoslynAnalysisRunner has terminated.
Mono: successfully reloaded assembly
- Completed reload, in  2.599 seconds
Platform modules already initialized, skipping
Shader 'Universal Render Pipeline/Particles/Lit': fallback shader 'Universal Render Pipeline/Particles/SimpleLit' not found
Refreshing native plugins compatible for Editor in 1.15 ms, found 1 plugins.
Preloading 0 native plugins for Editor in 0.00 ms.
Unloading 2891 Unused Serialized files (Serialized files now loaded: 0)
System memory in use before: 152.0 MB.
System memory in use after: 152.0 MB.

Unloading 10 unused Assets to reduce memory usage. Loaded Objects now: 3616.
Total: 5.055000 ms (FindLiveObjects: 0.681800 ms CreateObjectMapping: 0.286400 ms MarkObjects: 3.302000 ms  DeleteObjects: 0.783000 ms)

AssetImportWorkerClient::OnTransportError - code=2 error=End of file
