Using pre-set license
Built from '2020.3/staging' branch; Version is '2020.3.3f1 (76626098c1c4) revision 7758432'; Using compiler version '192528614'; Build Type 'Release'
OS: 'Windows 10 Home; OS build 19042.1052; Version 2009; 64bit' Language: 'ru' Physical Memory: 7990 MB
BatchMode: 1, IsHumanControllingUs: 0, StartBugReporterOnCrash: 0, Is64bit: 1, IsPro: 0

 COMMAND LINE ARGUMENTS:
C:\Program Files\Unity\Hub\Editor\2020.3.3f1\Editor\Unity.exe
-adb2
-batchMode
-noUpm
-name
AssetImportWorker7
-projectPath
C:/Users/Даша/UnityProjects/LostInDreams/LostInDreams
-logFile
Logs/AssetImportWorker7.log
-srvPort
50048
Successfully changed project path to: C:/Users/Даша/UnityProjects/LostInDreams/LostInDreams
C:/Users/Даша/UnityProjects/LostInDreams/LostInDreams
Using Asset Import Pipeline V2.
