Using pre-set license
Built from '2020.3/staging' branch; Version is '2020.3.3f1 (76626098c1c4) revision 7758432'; Using compiler version '192528614'; Build Type 'Release'
OS: 'Windows 10 Home; OS build 19042.985; Version 2009; 64bit' Language: 'ru' Physical Memory: 7990 MB
BatchMode: 1, IsHumanControllingUs: 0, StartBugReporterOnCrash: 0, Is64bit: 1, IsPro: 0

 COMMAND LINE ARGUMENTS:
C:\Program Files\Unity\Hub\Editor\2020.3.3f1\Editor\Unity.exe
-adb2
-batchMode
-noUpm
-name
AssetImportWorker1
-projectPath
C:/Users/Даша/UnityProjects/LostInDreams/LostInDreams
-logFile
Logs/AssetImportWorker1.log
-srvPort
60787
Successfully changed project path to: C:/Users/Даша/UnityProjects/LostInDreams/LostInDreams
C:/Users/Даша/UnityProjects/LostInDreams/LostInDreams
Using Asset Import Pipeline V2.
Refreshing native plugins compatible for Editor in 73.52 ms, found 1 plugins.
Preloading 0 native plugins for Editor in 0.00 ms.
Initialize engine version: 2020.3.3f1 (76626098c1c4)
[Subsystems] Discovering subsystems at path C:/Program Files/Unity/Hub/Editor/2020.3.3f1/Editor/Data/Resources/UnitySubsystems
[Subsystems] Discovering subsystems at path C:/Users/Даша/UnityProjects/LostInDreams/LostInDreams/Assets
GfxDevice: creating device client; threaded=0
Direct3D:
    Version:  Direct3D 11.0 [level 11.1]
    Renderer: Intel(R) UHD Graphics 620 (ID=0x3ea0)
    Vendor:   
    VRAM:     3995 MB
    Driver:   26.20.100.7372
Shader 'Universal Render Pipeline/Particles/Lit': fallback shader 'Universal Render Pipeline/Particles/SimpleLit' not found
Initialize mono
Mono path[0] = 'C:/Program Files/Unity/Hub/Editor/2020.3.3f1/Editor/Data/Managed'
Mono path[1] = 'C:/Program Files/Unity/Hub/Editor/2020.3.3f1/Editor/Data/MonoBleedingEdge/lib/mono/unityjit'
Mono config path = 'C:/Program Files/Unity/Hub/Editor/2020.3.3f1/Editor/Data/MonoBleedingEdge/etc'
Using monoOptions --debugger-agent=transport=dt_socket,embedding=1,server=y,suspend=n,address=127.0.0.1:56656
Begin MonoManager ReloadAssembly
Registering precompiled unity dll's ...
Register platform support module: C:/Program Files/Unity/Hub/Editor/2020.3.3f1/Editor/Data/PlaybackEngines/WindowsStandaloneSupport/UnityEditor.WindowsStandalone.Extensions.dll
Registered in 0.002619 seconds.
Native extension for WindowsStandalone target not found
Refreshing native plugins compatible for Editor in 72.53 ms, found 1 plugins.
Preloading 0 native plugins for Editor in 0.00 ms.
Invoked RoslynAnalysisRunner static constructor.
RoslynAnalysisRunner will not be running.
RoslynAnalysisRunner has terminated.
Mono: successfully reloaded assembly
- Completed reload, in  4.112 seconds
Platform modules already initialized, skipping
Registering precompiled user dll's ...
Registered in 0.001624 seconds.
Begin MonoManager ReloadAssembly
Native extension for WindowsStandalone target not found
Refreshing native plugins compatible for Editor in 67.88 ms, found 1 plugins.
Preloading 0 native plugins for Editor in 0.00 ms.
Invoked RoslynAnalysisRunner static constructor.
RoslynAnalysisRunner will not be running.
RoslynAnalysisRunner has terminated.
Mono: successfully reloaded assembly
- Completed reload, in  1.319 seconds
Platform modules already initialized, skipping
========================================================================
Worker process is ready to serve import requests
Shader 'Universal Render Pipeline/Particles/Lit': fallback shader 'Universal Render Pipeline/Particles/SimpleLit' not found
Launched and connected shader compiler UnityShaderCompiler.exe after 0.10 seconds
Refreshing native plugins compatible for Editor in 0.64 ms, found 1 plugins.
Preloading 0 native plugins for Editor in 0.00 ms.
Unloading 2998 Unused Serialized files (Serialized files now loaded: 0)
System memory in use before: 152.8 MB.
System memory in use after: 152.8 MB.

Unloading 21 unused Assets to reduce memory usage. Loaded Objects now: 3470.
Total: 3.253600 ms (FindLiveObjects: 0.307500 ms CreateObjectMapping: 0.159000 ms MarkObjects: 2.536100 ms  DeleteObjects: 0.249300 ms)

========================================================================
Received Prepare
Registering precompiled user dll's ...
Registered in 0.001579 seconds.
Begin MonoManager ReloadAssembly
Native extension for WindowsStandalone target not found
Refreshing native plugins compatible for Editor in 1.11 ms, found 1 plugins.
Preloading 0 native plugins for Editor in 0.00 ms.
Invoked RoslynAnalysisRunner static constructor.
RoslynAnalysisRunner will not be running.
RoslynAnalysisRunner has terminated.
Mono: successfully reloaded assembly
- Completed reload, in  1.133 seconds
Platform modules already initialized, skipping
Shader 'Universal Render Pipeline/Particles/Lit': fallback shader 'Universal Render Pipeline/Particles/SimpleLit' not found
Refreshing native plugins compatible for Editor in 0.73 ms, found 1 plugins.
Preloading 0 native plugins for Editor in 0.00 ms.
Unloading 2893 Unused Serialized files (Serialized files now loaded: 0)
System memory in use before: 146.3 MB.
System memory in use after: 146.3 MB.

Unloading 10 unused Assets to reduce memory usage. Loaded Objects now: 3474.
Total: 3.367100 ms (FindLiveObjects: 0.397600 ms CreateObjectMapping: 0.222700 ms MarkObjects: 2.517700 ms  DeleteObjects: 0.227500 ms)

========================================================================
Received Import Request.
  path: Assets/Resources/enemySound 1.mp3
  artifactKey: Guid(7dd2598c38676574cafc0b4bb428f1c1) Importer(815301076,1909f56bfc062723c751e8b465ee728b)
Start importing Assets/Resources/enemySound 1.mp3 using Guid(7dd2598c38676574cafc0b4bb428f1c1) Importer(815301076,1909f56bfc062723c751e8b465ee728b)  -> (artifact id: '1b3c5c02712889d86d960a2de1ec6bed') in 0.169942 seconds
  Import took 0.177122 seconds .

========================================================================
Received Prepare
Registering precompiled user dll's ...
Registered in 0.001840 seconds.
Begin MonoManager ReloadAssembly
Native extension for WindowsStandalone target not found
Refreshing native plugins compatible for Editor in 0.77 ms, found 1 plugins.
Preloading 0 native plugins for Editor in 0.00 ms.
Invoked RoslynAnalysisRunner static constructor.
RoslynAnalysisRunner will not be running.
RoslynAnalysisRunner has terminated.
Mono: successfully reloaded assembly
- Completed reload, in  1.378 seconds
Platform modules already initialized, skipping
Shader 'Universal Render Pipeline/Particles/Lit': fallback shader 'Universal Render Pipeline/Particles/SimpleLit' not found
Refreshing native plugins compatible for Editor in 0.69 ms, found 1 plugins.
Preloading 0 native plugins for Editor in 0.00 ms.
Unloading 2893 Unused Serialized files (Serialized files now loaded: 0)
System memory in use before: 149.3 MB.
System memory in use after: 149.3 MB.

Unloading 10 unused Assets to reduce memory usage. Loaded Objects now: 3487.
Total: 4.086900 ms (FindLiveObjects: 0.358800 ms CreateObjectMapping: 0.493200 ms MarkObjects: 3.003600 ms  DeleteObjects: 0.229900 ms)

========================================================================
Received Import Request.
  Time since last request: 62.457841 seconds.
  path: Assets/Prefabs/Enemy.prefab
  artifactKey: Guid(63642c10953c8dc48b959c03d6eea774) Importer(815301076,1909f56bfc062723c751e8b465ee728b)
Start importing Assets/Prefabs/Enemy.prefab using Guid(63642c10953c8dc48b959c03d6eea774) Importer(815301076,1909f56bfc062723c751e8b465ee728b)  -> (artifact id: '98354e77c9acc1e69cf10c802414addb') in 0.284419 seconds
  Import took 0.293339 seconds .

========================================================================
Received Prepare
Registering precompiled user dll's ...
Registered in 0.001678 seconds.
Begin MonoManager ReloadAssembly
Native extension for WindowsStandalone target not found
Refreshing native plugins compatible for Editor in 0.62 ms, found 1 plugins.
Preloading 0 native plugins for Editor in 0.00 ms.
Invoked RoslynAnalysisRunner static constructor.
RoslynAnalysisRunner will not be running.
RoslynAnalysisRunner has terminated.
Mono: successfully reloaded assembly
- Completed reload, in  1.076 seconds
Platform modules already initialized, skipping
Shader 'Universal Render Pipeline/Particles/Lit': fallback shader 'Universal Render Pipeline/Particles/SimpleLit' not found
Refreshing native plugins compatible for Editor in 0.61 ms, found 1 plugins.
Preloading 0 native plugins for Editor in 0.00 ms.
Unloading 2893 Unused Serialized files (Serialized files now loaded: 0)
System memory in use before: 151.6 MB.
System memory in use after: 151.6 MB.

Unloading 10 unused Assets to reduce memory usage. Loaded Objects now: 3530.
Total: 4.760300 ms (FindLiveObjects: 0.634700 ms CreateObjectMapping: 0.583900 ms MarkObjects: 3.293700 ms  DeleteObjects: 0.245600 ms)

========================================================================
Received Import Request.
  Time since last request: 135.757000 seconds.
  path: Assets/Resources/enemySound.mp3
  artifactKey: Guid(56f45cbdb1b51de41a101a00a022f056) Importer(815301076,1909f56bfc062723c751e8b465ee728b)
Start importing Assets/Resources/enemySound.mp3 using Guid(56f45cbdb1b51de41a101a00a022f056) Importer(815301076,1909f56bfc062723c751e8b465ee728b)  -> (artifact id: 'fb7309b568445716bcda900f002d1153') in 0.070198 seconds
  Import took 0.079552 seconds .

========================================================================
Received Import Request.
  Time since last request: 0.283284 seconds.
  path: Assets/Resources/enemySound.mp3
  artifactKey: Guid(56f45cbdb1b51de41a101a00a022f056) Importer(815301076,1909f56bfc062723c751e8b465ee728b)
Start importing Assets/Resources/enemySound.mp3 using Guid(56f45cbdb1b51de41a101a00a022f056) Importer(815301076,1909f56bfc062723c751e8b465ee728b)  -> (artifact id: 'fb7309b568445716bcda900f002d1153') in 0.020388 seconds
  Import took 0.028511 seconds .

========================================================================
Received Prepare
Registering precompiled user dll's ...
Registered in 0.001728 seconds.
Begin MonoManager ReloadAssembly
Native extension for WindowsStandalone target not found
Refreshing native plugins compatible for Editor in 0.66 ms, found 1 plugins.
Preloading 0 native plugins for Editor in 0.00 ms.
Invoked RoslynAnalysisRunner static constructor.
RoslynAnalysisRunner will not be running.
RoslynAnalysisRunner has terminated.
Mono: successfully reloaded assembly
- Completed reload, in  1.113 seconds
Platform modules already initialized, skipping
Shader 'Universal Render Pipeline/Particles/Lit': fallback shader 'Universal Render Pipeline/Particles/SimpleLit' not found
Refreshing native plugins compatible for Editor in 0.63 ms, found 1 plugins.
Preloading 0 native plugins for Editor in 0.00 ms.
Unloading 2893 Unused Serialized files (Serialized files now loaded: 0)
System memory in use before: 151.6 MB.
System memory in use after: 151.6 MB.

Unloading 10 unused Assets to reduce memory usage. Loaded Objects now: 3535.
Total: 3.517400 ms (FindLiveObjects: 0.387500 ms CreateObjectMapping: 0.245600 ms MarkObjects: 2.533500 ms  DeleteObjects: 0.349300 ms)

========================================================================
Received Prepare
Registering precompiled user dll's ...
Registered in 0.001593 seconds.
Begin MonoManager ReloadAssembly
Native extension for WindowsStandalone target not found
Refreshing native plugins compatible for Editor in 0.75 ms, found 1 plugins.
Preloading 0 native plugins for Editor in 0.00 ms.
Invoked RoslynAnalysisRunner static constructor.
RoslynAnalysisRunner will not be running.
RoslynAnalysisRunner has terminated.
Mono: successfully reloaded assembly
- Completed reload, in  1.021 seconds
Platform modules already initialized, skipping
Shader 'Universal Render Pipeline/Particles/Lit': fallback shader 'Universal Render Pipeline/Particles/SimpleLit' not found
Refreshing native plugins compatible for Editor in 0.68 ms, found 1 plugins.
Preloading 0 native plugins for Editor in 0.00 ms.
Unloading 2893 Unused Serialized files (Serialized files now loaded: 0)
System memory in use before: 151.6 MB.
System memory in use after: 151.6 MB.

Unloading 10 unused Assets to reduce memory usage. Loaded Objects now: 3539.
Total: 3.960600 ms (FindLiveObjects: 0.360800 ms CreateObjectMapping: 0.213000 ms MarkObjects: 2.888500 ms  DeleteObjects: 0.497000 ms)

========================================================================
Received Prepare
Registering precompiled user dll's ...
Registered in 0.002153 seconds.
Begin MonoManager ReloadAssembly
Native extension for WindowsStandalone target not found
Refreshing native plugins compatible for Editor in 0.71 ms, found 1 plugins.
Preloading 0 native plugins for Editor in 0.00 ms.
Invoked RoslynAnalysisRunner static constructor.
RoslynAnalysisRunner will not be running.
RoslynAnalysisRunner has terminated.
Mono: successfully reloaded assembly
- Completed reload, in  1.238 seconds
Platform modules already initialized, skipping
Shader 'Universal Render Pipeline/Particles/Lit': fallback shader 'Universal Render Pipeline/Particles/SimpleLit' not found
Refreshing native plugins compatible for Editor in 0.76 ms, found 1 plugins.
Preloading 0 native plugins for Editor in 0.00 ms.
Unloading 2893 Unused Serialized files (Serialized files now loaded: 0)
System memory in use before: 151.6 MB.
System memory in use after: 151.6 MB.

Unloading 10 unused Assets to reduce memory usage. Loaded Objects now: 3543.
Total: 4.548500 ms (FindLiveObjects: 0.450300 ms CreateObjectMapping: 0.272900 ms MarkObjects: 3.527200 ms  DeleteObjects: 0.296200 ms)

========================================================================
Received Import Request.
  Time since last request: 259.143043 seconds.
  path: Assets/Prefabs/Enemy.prefab
  artifactKey: Guid(63642c10953c8dc48b959c03d6eea774) Importer(815301076,1909f56bfc062723c751e8b465ee728b)
Start importing Assets/Prefabs/Enemy.prefab using Guid(63642c10953c8dc48b959c03d6eea774) Importer(815301076,1909f56bfc062723c751e8b465ee728b)  -> (artifact id: '06cf39d8fddf5c83a85f676534050c4d') in 0.213743 seconds
  Import took 0.226453 seconds .

========================================================================
Received Import Request.
  Time since last request: 19.229335 seconds.
  path: Assets/Prefabs/Key.prefab
  artifactKey: Guid(14e65351d4e76114ca28679fd3d243c3) Importer(815301076,1909f56bfc062723c751e8b465ee728b)
Start importing Assets/Prefabs/Key.prefab using Guid(14e65351d4e76114ca28679fd3d243c3) Importer(815301076,1909f56bfc062723c751e8b465ee728b)  -> (artifact id: '9e30a0b1e7b3ddc59c10e7448540f71d') in 0.036962 seconds
  Import took 0.047436 seconds .

========================================================================
Received Prepare
Registering precompiled user dll's ...
Registered in 0.001557 seconds.
Begin MonoManager ReloadAssembly
Native extension for WindowsStandalone target not found
Refreshing native plugins compatible for Editor in 1.04 ms, found 1 plugins.
Preloading 0 native plugins for Editor in 0.00 ms.
Invoked RoslynAnalysisRunner static constructor.
RoslynAnalysisRunner will not be running.
RoslynAnalysisRunner has terminated.
Mono: successfully reloaded assembly
- Completed reload, in  1.177 seconds
Platform modules already initialized, skipping
Shader 'Universal Render Pipeline/Particles/Lit': fallback shader 'Universal Render Pipeline/Particles/SimpleLit' not found
Refreshing native plugins compatible for Editor in 0.61 ms, found 1 plugins.
Preloading 0 native plugins for Editor in 0.00 ms.
Unloading 2893 Unused Serialized files (Serialized files now loaded: 0)
System memory in use before: 151.7 MB.
System memory in use after: 151.7 MB.

Unloading 10 unused Assets to reduce memory usage. Loaded Objects now: 3583.
Total: 4.785500 ms (FindLiveObjects: 0.614900 ms CreateObjectMapping: 0.327900 ms MarkObjects: 3.574700 ms  DeleteObjects: 0.264800 ms)

========================================================================
Received Prepare
Registering precompiled user dll's ...
Registered in 0.001740 seconds.
Begin MonoManager ReloadAssembly
Native extension for WindowsStandalone target not found
Refreshing native plugins compatible for Editor in 0.66 ms, found 1 plugins.
Preloading 0 native plugins for Editor in 0.00 ms.
Invoked RoslynAnalysisRunner static constructor.
RoslynAnalysisRunner will not be running.
RoslynAnalysisRunner has terminated.
Mono: successfully reloaded assembly
- Completed reload, in  0.998 seconds
Platform modules already initialized, skipping
Shader 'Universal Render Pipeline/Particles/Lit': fallback shader 'Universal Render Pipeline/Particles/SimpleLit' not found
Refreshing native plugins compatible for Editor in 0.73 ms, found 1 plugins.
Preloading 0 native plugins for Editor in 0.00 ms.
Unloading 2893 Unused Serialized files (Serialized files now loaded: 0)
System memory in use before: 151.7 MB.
System memory in use after: 151.8 MB.

Unloading 10 unused Assets to reduce memory usage. Loaded Objects now: 3587.
Total: 5.401200 ms (FindLiveObjects: 0.550700 ms CreateObjectMapping: 0.267300 ms MarkObjects: 4.316200 ms  DeleteObjects: 0.265500 ms)

========================================================================
Received Import Request.
  Time since last request: 341.341757 seconds.
  path: Assets/Prefabs/Key.prefab
  artifactKey: Guid(14e65351d4e76114ca28679fd3d243c3) Importer(815301076,1909f56bfc062723c751e8b465ee728b)
Start importing Assets/Prefabs/Key.prefab using Guid(14e65351d4e76114ca28679fd3d243c3) Importer(815301076,1909f56bfc062723c751e8b465ee728b)  -> (artifact id: 'f5a41c9c7a741f9e663ee9c2a540fdb8') in 0.191442 seconds
  Import took 0.211833 seconds .

========================================================================
Received Import Request.
  Time since last request: 49.219827 seconds.
  path: Assets/Scenes/SimpleLevel.unity
  artifactKey: Guid(2cda990e2423bbf4892e6590ba056729) Importer(815301076,1909f56bfc062723c751e8b465ee728b)
Start importing Assets/Scenes/SimpleLevel.unity using Guid(2cda990e2423bbf4892e6590ba056729) Importer(815301076,1909f56bfc062723c751e8b465ee728b)  -> (artifact id: '00033f63426b0f78b1372b1d6349d013') in 0.020333 seconds
  Import took 0.027286 seconds .

========================================================================
Received Import Request.
  Time since last request: 10.427802 seconds.
  path: Assets/Scenes
  artifactKey: Guid(9a5022698062fab4185777028b5529e3) Importer(815301076,1909f56bfc062723c751e8b465ee728b)
Start importing Assets/Scenes using Guid(9a5022698062fab4185777028b5529e3) Importer(815301076,1909f56bfc062723c751e8b465ee728b)  -> (artifact id: 'e2164114e31ae5dc4b006a84cd8fe80d') in 0.012743 seconds
  Import took 0.019905 seconds .

========================================================================
Received Import Request.
  Time since last request: 40.405440 seconds.
  path: Assets/Scenes/SimpleLevel.scenetemplate
  artifactKey: Guid(f72bda163a8c8ef46a5aa295e3cceae2) Importer(815301076,1909f56bfc062723c751e8b465ee728b)
Start importing Assets/Scenes/SimpleLevel.scenetemplate using Guid(f72bda163a8c8ef46a5aa295e3cceae2) Importer(815301076,1909f56bfc062723c751e8b465ee728b)  -> (artifact id: '48a6e461c085d2e24968d9193beee057') in 0.115978 seconds
  Import took 0.127543 seconds .

========================================================================
Received Import Request.
  Time since last request: 0.002026 seconds.
  path: Assets/Scenes/SimpleLevel.scenetemplate
  artifactKey: Guid(f72bda163a8c8ef46a5aa295e3cceae2) Importer(815301076,1909f56bfc062723c751e8b465ee728b)
Start importing Assets/Scenes/SimpleLevel.scenetemplate using Guid(f72bda163a8c8ef46a5aa295e3cceae2) Importer(815301076,1909f56bfc062723c751e8b465ee728b)  -> (artifact id: '48a6e461c085d2e24968d9193beee057') in 0.072669 seconds
  Import took 0.081053 seconds .

========================================================================
Received Import Request.
  Time since last request: 48.967369 seconds.
  path: Assets/Scenes/HardLevel.unity
  artifactKey: Guid(79244ba608e73994daa722462ff7f608) Importer(815301076,1909f56bfc062723c751e8b465ee728b)
Start importing Assets/Scenes/HardLevel.unity using Guid(79244ba608e73994daa722462ff7f608) Importer(815301076,1909f56bfc062723c751e8b465ee728b)  -> (artifact id: 'd6438e1ba233b57f21427118ab22417e') in 0.013535 seconds
  Import took 0.031153 seconds .

========================================================================
Received Import Request.
  Time since last request: 85.642060 seconds.
  path: Assets/Prefabs/BossBullet.prefab
  artifactKey: Guid(2a0c543ed8a245b43aec1b866ac7e21c) Importer(815301076,1909f56bfc062723c751e8b465ee728b)
Start importing Assets/Prefabs/BossBullet.prefab using Guid(2a0c543ed8a245b43aec1b866ac7e21c) Importer(815301076,1909f56bfc062723c751e8b465ee728b)  -> (artifact id: '1accb0527f548f877a28007147760d7b') in 0.029969 seconds
  Import took 0.039574 seconds .

========================================================================
Received Import Request.
  Time since last request: 16.965418 seconds.
  path: Assets/Prefabs/Enemy.prefab
  artifactKey: Guid(63642c10953c8dc48b959c03d6eea774) Importer(815301076,1909f56bfc062723c751e8b465ee728b)
Start importing Assets/Prefabs/Enemy.prefab using Guid(63642c10953c8dc48b959c03d6eea774) Importer(815301076,1909f56bfc062723c751e8b465ee728b)  -> (artifact id: 'ff1b5cf9d0d48a4bedd704438cd1e245') in 0.031558 seconds
  Import took 0.043717 seconds .

========================================================================
Received Import Request.
  Time since last request: 4.208338 seconds.
  path: Assets/Prefabs/EnemyBullet.prefab
  artifactKey: Guid(de57b5b4ceea7d149a5dde929e5a645d) Importer(815301076,1909f56bfc062723c751e8b465ee728b)
Start importing Assets/Prefabs/EnemyBullet.prefab using Guid(de57b5b4ceea7d149a5dde929e5a645d) Importer(815301076,1909f56bfc062723c751e8b465ee728b)  -> (artifact id: 'ebabe92c54b3a00ef0fa02befb37c3d4') in 0.026439 seconds
  Import took 0.035128 seconds .

========================================================================
Received Import Request.
  Time since last request: 53.889227 seconds.
  path: Assets/Scenes/MainMenuScene.unity
  artifactKey: Guid(f0fb19b3144914840bb4f509d0f92ef2) Importer(815301076,1909f56bfc062723c751e8b465ee728b)
Start importing Assets/Scenes/MainMenuScene.unity using Guid(f0fb19b3144914840bb4f509d0f92ef2) Importer(815301076,1909f56bfc062723c751e8b465ee728b)  -> (artifact id: 'aaac2a58694fd76863399f76d82a1d6c') in 0.013536 seconds
  Import took 0.022243 seconds .

========================================================================
Received Import Request.
  Time since last request: 38.935850 seconds.
  path: Assets/Scenes/SimpleLevel.unity
  artifactKey: Guid(2cda990e2423bbf4892e6590ba056729) Importer(815301076,1909f56bfc062723c751e8b465ee728b)
Start importing Assets/Scenes/SimpleLevel.unity using Guid(2cda990e2423bbf4892e6590ba056729) Importer(815301076,1909f56bfc062723c751e8b465ee728b)  -> (artifact id: '8621ba56db486155ffdcd6d2db997eda') in 0.008419 seconds
  Import took 0.024257 seconds .

========================================================================
Received Prepare
Registering precompiled user dll's ...
Registered in 0.001658 seconds.
Begin MonoManager ReloadAssembly
Native extension for WindowsStandalone target not found
Refreshing native plugins compatible for Editor in 0.65 ms, found 1 plugins.
Preloading 0 native plugins for Editor in 0.00 ms.
Invoked RoslynAnalysisRunner static constructor.
RoslynAnalysisRunner will not be running.
RoslynAnalysisRunner has terminated.
Mono: successfully reloaded assembly
- Completed reload, in  1.095 seconds
Platform modules already initialized, skipping
Shader 'Universal Render Pipeline/Particles/Lit': fallback shader 'Universal Render Pipeline/Particles/SimpleLit' not found
Refreshing native plugins compatible for Editor in 0.66 ms, found 1 plugins.
Preloading 0 native plugins for Editor in 0.00 ms.
Unloading 2893 Unused Serialized files (Serialized files now loaded: 0)
System memory in use before: 151.9 MB.
System memory in use after: 151.9 MB.

Unloading 10 unused Assets to reduce memory usage. Loaded Objects now: 3627.
Total: 4.972300 ms (FindLiveObjects: 0.531300 ms CreateObjectMapping: 0.266600 ms MarkObjects: 3.780400 ms  DeleteObjects: 0.392500 ms)

========================================================================
Received Prepare
Registering precompiled user dll's ...
Registered in 0.001515 seconds.
Begin MonoManager ReloadAssembly
Native extension for WindowsStandalone target not found
Refreshing native plugins compatible for Editor in 1.16 ms, found 1 plugins.
Preloading 0 native plugins for Editor in 0.00 ms.
Invoked RoslynAnalysisRunner static constructor.
RoslynAnalysisRunner will not be running.
RoslynAnalysisRunner has terminated.
Mono: successfully reloaded assembly
- Completed reload, in  1.094 seconds
Platform modules already initialized, skipping
Shader 'Universal Render Pipeline/Particles/Lit': fallback shader 'Universal Render Pipeline/Particles/SimpleLit' not found
Refreshing native plugins compatible for Editor in 0.68 ms, found 1 plugins.
Preloading 0 native plugins for Editor in 0.00 ms.
Unloading 2893 Unused Serialized files (Serialized files now loaded: 0)
System memory in use before: 151.9 MB.
System memory in use after: 151.9 MB.

Unloading 10 unused Assets to reduce memory usage. Loaded Objects now: 3631.
Total: 3.842500 ms (FindLiveObjects: 0.384900 ms CreateObjectMapping: 0.203100 ms MarkObjects: 2.984900 ms  DeleteObjects: 0.268000 ms)

========================================================================
Received Prepare
Registering precompiled user dll's ...
Registered in 0.001598 seconds.
Begin MonoManager ReloadAssembly
Native extension for WindowsStandalone target not found
Refreshing native plugins compatible for Editor in 0.70 ms, found 1 plugins.
Preloading 0 native plugins for Editor in 0.00 ms.
Invoked RoslynAnalysisRunner static constructor.
RoslynAnalysisRunner will not be running.
RoslynAnalysisRunner has terminated.
Mono: successfully reloaded assembly
- Completed reload, in  1.075 seconds
Platform modules already initialized, skipping
Shader 'Universal Render Pipeline/Particles/Lit': fallback shader 'Universal Render Pipeline/Particles/SimpleLit' not found
Refreshing native plugins compatible for Editor in 0.67 ms, found 1 plugins.
Preloading 0 native plugins for Editor in 0.00 ms.
Unloading 2893 Unused Serialized files (Serialized files now loaded: 0)
System memory in use before: 151.9 MB.
System memory in use after: 151.9 MB.

Unloading 10 unused Assets to reduce memory usage. Loaded Objects now: 3635.
Total: 3.505700 ms (FindLiveObjects: 0.432000 ms CreateObjectMapping: 0.203900 ms MarkObjects: 2.527600 ms  DeleteObjects: 0.340800 ms)

========================================================================
Received Prepare
Registering precompiled user dll's ...
Registered in 0.001533 seconds.
Begin MonoManager ReloadAssembly
Native extension for WindowsStandalone target not found
Refreshing native plugins compatible for Editor in 0.70 ms, found 1 plugins.
Preloading 0 native plugins for Editor in 0.00 ms.
Invoked RoslynAnalysisRunner static constructor.
RoslynAnalysisRunner will not be running.
RoslynAnalysisRunner has terminated.
Mono: successfully reloaded assembly
- Completed reload, in  1.063 seconds
Platform modules already initialized, skipping
Shader 'Universal Render Pipeline/Particles/Lit': fallback shader 'Universal Render Pipeline/Particles/SimpleLit' not found
Refreshing native plugins compatible for Editor in 0.81 ms, found 1 plugins.
Preloading 0 native plugins for Editor in 0.00 ms.
Unloading 2893 Unused Serialized files (Serialized files now loaded: 0)
System memory in use before: 151.9 MB.
System memory in use after: 152.0 MB.

Unloading 10 unused Assets to reduce memory usage. Loaded Objects now: 3639.
Total: 3.747500 ms (FindLiveObjects: 0.352900 ms CreateObjectMapping: 0.178200 ms MarkObjects: 2.960700 ms  DeleteObjects: 0.253800 ms)

========================================================================
Received Import Request.
  Time since last request: 66.556674 seconds.
  path: Assets/Scenes/HardLevel.unity
  artifactKey: Guid(79244ba608e73994daa722462ff7f608) Importer(815301076,1909f56bfc062723c751e8b465ee728b)
Start importing Assets/Scenes/HardLevel.unity using Guid(79244ba608e73994daa722462ff7f608) Importer(815301076,1909f56bfc062723c751e8b465ee728b)  -> (artifact id: '2bbc249e457ce63b78efc7e57b363f0c') in 0.018156 seconds
  Import took 0.033308 seconds .

========================================================================
Received Prepare
Registering precompiled user dll's ...
Registered in 0.001672 seconds.
Begin MonoManager ReloadAssembly
Native extension for WindowsStandalone target not found
Refreshing native plugins compatible for Editor in 0.66 ms, found 1 plugins.
Preloading 0 native plugins for Editor in 0.00 ms.
Invoked RoslynAnalysisRunner static constructor.
RoslynAnalysisRunner will not be running.
RoslynAnalysisRunner has terminated.
Mono: successfully reloaded assembly
- Completed reload, in  1.099 seconds
Platform modules already initialized, skipping
Shader 'Universal Render Pipeline/Particles/Lit': fallback shader 'Universal Render Pipeline/Particles/SimpleLit' not found
Refreshing native plugins compatible for Editor in 0.67 ms, found 1 plugins.
Preloading 0 native plugins for Editor in 0.00 ms.
Unloading 2893 Unused Serialized files (Serialized files now loaded: 0)
System memory in use before: 152.0 MB.
System memory in use after: 152.0 MB.

Unloading 10 unused Assets to reduce memory usage. Loaded Objects now: 3643.
Total: 3.375000 ms (FindLiveObjects: 0.342000 ms CreateObjectMapping: 0.163200 ms MarkObjects: 2.577500 ms  DeleteObjects: 0.291100 ms)

========================================================================
Received Prepare
Registering precompiled user dll's ...
Registered in 0.001863 seconds.
Begin MonoManager ReloadAssembly
Native extension for WindowsStandalone target not found
Refreshing native plugins compatible for Editor in 0.79 ms, found 1 plugins.
Preloading 0 native plugins for Editor in 0.00 ms.
Invoked RoslynAnalysisRunner static constructor.
RoslynAnalysisRunner will not be running.
RoslynAnalysisRunner has terminated.
Mono: successfully reloaded assembly
- Completed reload, in  1.094 seconds
Platform modules already initialized, skipping
Shader 'Universal Render Pipeline/Particles/Lit': fallback shader 'Universal Render Pipeline/Particles/SimpleLit' not found
Refreshing native plugins compatible for Editor in 0.88 ms, found 1 plugins.
Preloading 0 native plugins for Editor in 0.00 ms.
Unloading 2893 Unused Serialized files (Serialized files now loaded: 0)
System memory in use before: 152.0 MB.
System memory in use after: 152.0 MB.

Unloading 10 unused Assets to reduce memory usage. Loaded Objects now: 3647.
Total: 4.648200 ms (FindLiveObjects: 0.748000 ms CreateObjectMapping: 0.390500 ms MarkObjects: 3.188500 ms  DeleteObjects: 0.319200 ms)

========================================================================
Received Prepare
Registering precompiled user dll's ...
Registered in 0.001602 seconds.
Begin MonoManager ReloadAssembly
Native extension for WindowsStandalone target not found
Refreshing native plugins compatible for Editor in 0.68 ms, found 1 plugins.
Preloading 0 native plugins for Editor in 0.00 ms.
Invoked RoslynAnalysisRunner static constructor.
RoslynAnalysisRunner will not be running.
RoslynAnalysisRunner has terminated.
Mono: successfully reloaded assembly
- Completed reload, in  1.085 seconds
Platform modules already initialized, skipping
Shader 'Universal Render Pipeline/Particles/Lit': fallback shader 'Universal Render Pipeline/Particles/SimpleLit' not found
Refreshing native plugins compatible for Editor in 0.73 ms, found 1 plugins.
Preloading 0 native plugins for Editor in 0.00 ms.
Unloading 2893 Unused Serialized files (Serialized files now loaded: 0)
System memory in use before: 152.0 MB.
System memory in use after: 152.0 MB.

Unloading 10 unused Assets to reduce memory usage. Loaded Objects now: 3651.
Total: 3.595400 ms (FindLiveObjects: 0.466400 ms CreateObjectMapping: 0.239500 ms MarkObjects: 2.629900 ms  DeleteObjects: 0.258100 ms)

========================================================================
Received Prepare
Registering precompiled user dll's ...
Registered in 0.001562 seconds.
Begin MonoManager ReloadAssembly
Native extension for WindowsStandalone target not found
Refreshing native plugins compatible for Editor in 0.94 ms, found 1 plugins.
Preloading 0 native plugins for Editor in 0.00 ms.
Invoked RoslynAnalysisRunner static constructor.
RoslynAnalysisRunner will not be running.
RoslynAnalysisRunner has terminated.
Mono: successfully reloaded assembly
- Completed reload, in  1.099 seconds
Platform modules already initialized, skipping
Shader 'Universal Render Pipeline/Particles/Lit': fallback shader 'Universal Render Pipeline/Particles/SimpleLit' not found
Refreshing native plugins compatible for Editor in 0.68 ms, found 1 plugins.
Preloading 0 native plugins for Editor in 0.00 ms.
Unloading 2893 Unused Serialized files (Serialized files now loaded: 0)
System memory in use before: 152.0 MB.
System memory in use after: 152.0 MB.

Unloading 10 unused Assets to reduce memory usage. Loaded Objects now: 3655.
Total: 4.406500 ms (FindLiveObjects: 0.389000 ms CreateObjectMapping: 0.160100 ms MarkObjects: 3.486500 ms  DeleteObjects: 0.356600 ms)

========================================================================
Received Prepare
Registering precompiled user dll's ...
Registered in 0.009673 seconds.
Begin MonoManager ReloadAssembly
Native extension for WindowsStandalone target not found
Refreshing native plugins compatible for Editor in 0.65 ms, found 1 plugins.
Preloading 0 native plugins for Editor in 0.00 ms.
Invoked RoslynAnalysisRunner static constructor.
RoslynAnalysisRunner will not be running.
RoslynAnalysisRunner has terminated.
Mono: successfully reloaded assembly
- Completed reload, in  1.258 seconds
Platform modules already initialized, skipping
Shader 'Universal Render Pipeline/Particles/Lit': fallback shader 'Universal Render Pipeline/Particles/SimpleLit' not found
Refreshing native plugins compatible for Editor in 0.81 ms, found 1 plugins.
Preloading 0 native plugins for Editor in 0.00 ms.
Unloading 2893 Unused Serialized files (Serialized files now loaded: 0)
System memory in use before: 152.0 MB.
System memory in use after: 152.0 MB.

Unloading 10 unused Assets to reduce memory usage. Loaded Objects now: 3659.
Total: 4.371300 ms (FindLiveObjects: 0.362900 ms CreateObjectMapping: 0.176700 ms MarkObjects: 3.471000 ms  DeleteObjects: 0.359600 ms)

========================================================================
Received Import Request.
  Time since last request: 360.645107 seconds.
  path: Assets/Resources
  artifactKey: Guid(bda17dea057001546a608a20c4f9ef4b) Importer(815301076,1909f56bfc062723c751e8b465ee728b)
Start importing Assets/Resources using Guid(bda17dea057001546a608a20c4f9ef4b) Importer(815301076,1909f56bfc062723c751e8b465ee728b)  -> (artifact id: 'e605710832e4394a03e5b0e35117099c') in 0.025010 seconds
  Import took 0.037835 seconds .

========================================================================
Received Import Request.
  Time since last request: 19.893511 seconds.
  path: Assets/Resources/AudioMixer.mixer
  artifactKey: Guid(3eb798cdde570854fbc55316c2a12d82) Importer(815301076,1909f56bfc062723c751e8b465ee728b)
Start importing Assets/Resources/AudioMixer.mixer using Guid(3eb798cdde570854fbc55316c2a12d82) Importer(815301076,1909f56bfc062723c751e8b465ee728b)  -> (artifact id: 'f2be033c22f4ef487a6392aa304b7608') in 0.021809 seconds
  Import took 0.029558 seconds .

========================================================================
Received Import Request.
  Time since last request: 0.000820 seconds.
  path: Assets/Resources/AudioMixer.mixer
  artifactKey: Guid(3eb798cdde570854fbc55316c2a12d82) Importer(815301076,1909f56bfc062723c751e8b465ee728b)
Start importing Assets/Resources/AudioMixer.mixer using Guid(3eb798cdde570854fbc55316c2a12d82) Importer(815301076,1909f56bfc062723c751e8b465ee728b)  -> (artifact id: 'f2be033c22f4ef487a6392aa304b7608') in 0.009081 seconds
  Import took 0.015841 seconds .

========================================================================
Received Prepare
Registering precompiled user dll's ...
Registered in 0.001506 seconds.
Begin MonoManager ReloadAssembly
Native extension for WindowsStandalone target not found
Refreshing native plugins compatible for Editor in 1.02 ms, found 1 plugins.
Preloading 0 native plugins for Editor in 0.00 ms.
Invoked RoslynAnalysisRunner static constructor.
RoslynAnalysisRunner will not be running.
RoslynAnalysisRunner has terminated.
Mono: successfully reloaded assembly
- Completed reload, in  1.131 seconds
Platform modules already initialized, skipping
Shader 'Universal Render Pipeline/Particles/Lit': fallback shader 'Universal Render Pipeline/Particles/SimpleLit' not found
Refreshing native plugins compatible for Editor in 0.72 ms, found 1 plugins.
Preloading 0 native plugins for Editor in 0.00 ms.
Unloading 2893 Unused Serialized files (Serialized files now loaded: 0)
System memory in use before: 152.0 MB.
System memory in use after: 152.0 MB.

Unloading 10 unused Assets to reduce memory usage. Loaded Objects now: 3663.
Total: 3.270200 ms (FindLiveObjects: 0.466500 ms CreateObjectMapping: 0.261400 ms MarkObjects: 2.250300 ms  DeleteObjects: 0.290400 ms)

========================================================================
Received Import Request.
  Time since last request: 119.659813 seconds.
  path: Assets/Resources/AudioMixer.mixer
  artifactKey: Guid(3eb798cdde570854fbc55316c2a12d82) Importer(815301076,1909f56bfc062723c751e8b465ee728b)
Start importing Assets/Resources/AudioMixer.mixer using Guid(3eb798cdde570854fbc55316c2a12d82) Importer(815301076,1909f56bfc062723c751e8b465ee728b)  -> (artifact id: '720a57f755a8e879980135eb3943c8fc') in 0.017738 seconds
  Import took 0.027949 seconds .

========================================================================
Received Import Request.
  Time since last request: 0.292386 seconds.
  path: Assets/Resources/AudioMixer.mixer
  artifactKey: Guid(3eb798cdde570854fbc55316c2a12d82) Importer(815301076,1909f56bfc062723c751e8b465ee728b)
Start importing Assets/Resources/AudioMixer.mixer using Guid(3eb798cdde570854fbc55316c2a12d82) Importer(815301076,1909f56bfc062723c751e8b465ee728b)  -> (artifact id: '720a57f755a8e879980135eb3943c8fc') in 0.004848 seconds
  Import took 0.011593 seconds .

========================================================================
Received Import Request.
  Time since last request: 4.320341 seconds.
  path: Assets/Resources/AudioMixer.mixer
  artifactKey: Guid(3eb798cdde570854fbc55316c2a12d82) Importer(815301076,1909f56bfc062723c751e8b465ee728b)
Start importing Assets/Resources/AudioMixer.mixer using Guid(3eb798cdde570854fbc55316c2a12d82) Importer(815301076,1909f56bfc062723c751e8b465ee728b)  -> (artifact id: '8388a33d21a657dbf605b1b43d3a2208') in 0.005517 seconds
  Import took 0.016143 seconds .

========================================================================
Received Import Request.
  Time since last request: 22.619100 seconds.
  path: Assets/Resources/AudioMixer.mixer
  artifactKey: Guid(3eb798cdde570854fbc55316c2a12d82) Importer(815301076,1909f56bfc062723c751e8b465ee728b)
Start importing Assets/Resources/AudioMixer.mixer using Guid(3eb798cdde570854fbc55316c2a12d82) Importer(815301076,1909f56bfc062723c751e8b465ee728b)  -> (artifact id: '49ede99729137a470badd1eeaa88e5eb') in 0.005913 seconds
  Import took 0.014294 seconds .

========================================================================
Received Import Request.
  Time since last request: 0.021794 seconds.
  path: Assets/Resources/AudioMixer.mixer
  artifactKey: Guid(3eb798cdde570854fbc55316c2a12d82) Importer(815301076,1909f56bfc062723c751e8b465ee728b)
Start importing Assets/Resources/AudioMixer.mixer using Guid(3eb798cdde570854fbc55316c2a12d82) Importer(815301076,1909f56bfc062723c751e8b465ee728b)  -> (artifact id: '49ede99729137a470badd1eeaa88e5eb') in 0.010791 seconds
  Import took 0.024729 seconds .

========================================================================
Received Import Request.
  Time since last request: 0.117570 seconds.
  path: Assets/Resources/AudioMixer.mixer
  artifactKey: Guid(3eb798cdde570854fbc55316c2a12d82) Importer(815301076,1909f56bfc062723c751e8b465ee728b)
Start importing Assets/Resources/AudioMixer.mixer using Guid(3eb798cdde570854fbc55316c2a12d82) Importer(815301076,1909f56bfc062723c751e8b465ee728b)  -> (artifact id: 'a967e2f3eb6f6fbbe99ae8f8fefcb2f9') in 0.004024 seconds
  Import took 0.013478 seconds .

========================================================================
Received Import Request.
  Time since last request: 0.020596 seconds.
  path: Assets/Resources/AudioMixer.mixer
  artifactKey: Guid(3eb798cdde570854fbc55316c2a12d82) Importer(815301076,1909f56bfc062723c751e8b465ee728b)
Start importing Assets/Resources/AudioMixer.mixer using Guid(3eb798cdde570854fbc55316c2a12d82) Importer(815301076,1909f56bfc062723c751e8b465ee728b)  -> (artifact id: 'a967e2f3eb6f6fbbe99ae8f8fefcb2f9') in 0.010916 seconds
  Import took 0.018639 seconds .

========================================================================
Received Import Request.
  Time since last request: 12.838228 seconds.
  path: Assets/Resources/AudioMixer.mixer
  artifactKey: Guid(3eb798cdde570854fbc55316c2a12d82) Importer(815301076,1909f56bfc062723c751e8b465ee728b)
Start importing Assets/Resources/AudioMixer.mixer using Guid(3eb798cdde570854fbc55316c2a12d82) Importer(815301076,1909f56bfc062723c751e8b465ee728b)  -> (artifact id: '0ff3c612b12b476712418fb3f8de8e3c') in 0.005883 seconds
  Import took 0.018243 seconds .

========================================================================
Received Prepare
Registering precompiled user dll's ...
Registered in 0.001526 seconds.
Begin MonoManager ReloadAssembly
Native extension for WindowsStandalone target not found
Refreshing native plugins compatible for Editor in 0.62 ms, found 1 plugins.
Preloading 0 native plugins for Editor in 0.00 ms.
Invoked RoslynAnalysisRunner static constructor.
RoslynAnalysisRunner will not be running.
RoslynAnalysisRunner has terminated.
Mono: successfully reloaded assembly
- Completed reload, in  1.218 seconds
Platform modules already initialized, skipping
Shader 'Universal Render Pipeline/Particles/Lit': fallback shader 'Universal Render Pipeline/Particles/SimpleLit' not found
Refreshing native plugins compatible for Editor in 2.44 ms, found 1 plugins.
Preloading 0 native plugins for Editor in 0.00 ms.
Unloading 2893 Unused Serialized files (Serialized files now loaded: 0)
System memory in use before: 152.0 MB.
System memory in use after: 152.0 MB.

Unloading 10 unused Assets to reduce memory usage. Loaded Objects now: 3667.
Total: 3.674800 ms (FindLiveObjects: 0.371500 ms CreateObjectMapping: 0.156700 ms MarkObjects: 2.640700 ms  DeleteObjects: 0.504200 ms)

========================================================================
Received Prepare
Registering precompiled user dll's ...
Registered in 0.001868 seconds.
Begin MonoManager ReloadAssembly
Native extension for WindowsStandalone target not found
Refreshing native plugins compatible for Editor in 0.70 ms, found 1 plugins.
Preloading 0 native plugins for Editor in 0.00 ms.
Invoked RoslynAnalysisRunner static constructor.
RoslynAnalysisRunner will not be running.
RoslynAnalysisRunner has terminated.
Mono: successfully reloaded assembly
- Completed reload, in  1.195 seconds
Platform modules already initialized, skipping
Shader 'Universal Render Pipeline/Particles/Lit': fallback shader 'Universal Render Pipeline/Particles/SimpleLit' not found
Refreshing native plugins compatible for Editor in 0.82 ms, found 1 plugins.
Preloading 0 native plugins for Editor in 0.00 ms.
Unloading 2893 Unused Serialized files (Serialized files now loaded: 0)
System memory in use before: 152.0 MB.
System memory in use after: 152.0 MB.

Unloading 10 unused Assets to reduce memory usage. Loaded Objects now: 3671.
Total: 3.573000 ms (FindLiveObjects: 0.360300 ms CreateObjectMapping: 0.176300 ms MarkObjects: 2.713500 ms  DeleteObjects: 0.321500 ms)

========================================================================
Received Prepare
Registering precompiled user dll's ...
Registered in 0.001624 seconds.
Begin MonoManager ReloadAssembly
Native extension for WindowsStandalone target not found
Refreshing native plugins compatible for Editor in 0.96 ms, found 1 plugins.
Preloading 0 native plugins for Editor in 0.00 ms.
Invoked RoslynAnalysisRunner static constructor.
RoslynAnalysisRunner will not be running.
RoslynAnalysisRunner has terminated.
Mono: successfully reloaded assembly
- Completed reload, in  1.145 seconds
Platform modules already initialized, skipping
Shader 'Universal Render Pipeline/Particles/Lit': fallback shader 'Universal Render Pipeline/Particles/SimpleLit' not found
Refreshing native plugins compatible for Editor in 0.68 ms, found 1 plugins.
Preloading 0 native plugins for Editor in 0.00 ms.
Unloading 2893 Unused Serialized files (Serialized files now loaded: 0)
System memory in use before: 152.0 MB.
System memory in use after: 152.0 MB.

Unloading 10 unused Assets to reduce memory usage. Loaded Objects now: 3675.
Total: 4.482400 ms (FindLiveObjects: 0.770300 ms CreateObjectMapping: 0.456100 ms MarkObjects: 2.972800 ms  DeleteObjects: 0.281800 ms)

========================================================================
Received Prepare
Registering precompiled user dll's ...
Registered in 0.001652 seconds.
Begin MonoManager ReloadAssembly
Native extension for WindowsStandalone target not found
Refreshing native plugins compatible for Editor in 0.75 ms, found 1 plugins.
Preloading 0 native plugins for Editor in 0.00 ms.
Invoked RoslynAnalysisRunner static constructor.
RoslynAnalysisRunner will not be running.
RoslynAnalysisRunner has terminated.
Mono: successfully reloaded assembly
- Completed reload, in  1.082 seconds
Platform modules already initialized, skipping
Shader 'Universal Render Pipeline/Particles/Lit': fallback shader 'Universal Render Pipeline/Particles/SimpleLit' not found
Refreshing native plugins compatible for Editor in 0.63 ms, found 1 plugins.
Preloading 0 native plugins for Editor in 0.00 ms.
Unloading 2893 Unused Serialized files (Serialized files now loaded: 0)
System memory in use before: 152.0 MB.
System memory in use after: 152.1 MB.

Unloading 10 unused Assets to reduce memory usage. Loaded Objects now: 3679.
Total: 4.627100 ms (FindLiveObjects: 0.750600 ms CreateObjectMapping: 0.410400 ms MarkObjects: 3.073200 ms  DeleteObjects: 0.391400 ms)

========================================================================
Received Prepare
Registering precompiled user dll's ...
Registered in 0.001567 seconds.
Begin MonoManager ReloadAssembly
Native extension for WindowsStandalone target not found
Refreshing native plugins compatible for Editor in 0.70 ms, found 1 plugins.
Preloading 0 native plugins for Editor in 0.00 ms.
Invoked RoslynAnalysisRunner static constructor.
RoslynAnalysisRunner will not be running.
RoslynAnalysisRunner has terminated.
Mono: successfully reloaded assembly
- Completed reload, in  1.143 seconds
Platform modules already initialized, skipping
Shader 'Universal Render Pipeline/Particles/Lit': fallback shader 'Universal Render Pipeline/Particles/SimpleLit' not found
Refreshing native plugins compatible for Editor in 0.68 ms, found 1 plugins.
Preloading 0 native plugins for Editor in 0.00 ms.
Unloading 2893 Unused Serialized files (Serialized files now loaded: 0)
System memory in use before: 152.0 MB.
System memory in use after: 152.1 MB.

Unloading 10 unused Assets to reduce memory usage. Loaded Objects now: 3683.
Total: 3.863400 ms (FindLiveObjects: 0.590300 ms CreateObjectMapping: 0.276200 ms MarkObjects: 2.729300 ms  DeleteObjects: 0.265700 ms)

========================================================================
Received Prepare
Registering precompiled user dll's ...
Registered in 0.001613 seconds.
Begin MonoManager ReloadAssembly
Native extension for WindowsStandalone target not found
Refreshing native plugins compatible for Editor in 0.69 ms, found 1 plugins.
Preloading 0 native plugins for Editor in 0.00 ms.
Invoked RoslynAnalysisRunner static constructor.
RoslynAnalysisRunner will not be running.
RoslynAnalysisRunner has terminated.
Mono: successfully reloaded assembly
- Completed reload, in  1.083 seconds
Platform modules already initialized, skipping
Shader 'Universal Render Pipeline/Particles/Lit': fallback shader 'Universal Render Pipeline/Particles/SimpleLit' not found
Refreshing native plugins compatible for Editor in 0.66 ms, found 1 plugins.
Preloading 0 native plugins for Editor in 0.00 ms.
Unloading 2893 Unused Serialized files (Serialized files now loaded: 0)
System memory in use before: 152.1 MB.
System memory in use after: 152.1 MB.

Unloading 10 unused Assets to reduce memory usage. Loaded Objects now: 3687.
Total: 3.271800 ms (FindLiveObjects: 0.431900 ms CreateObjectMapping: 0.175700 ms MarkObjects: 2.303200 ms  DeleteObjects: 0.359800 ms)

========================================================================
Received Import Request.
  Time since last request: 870.651865 seconds.
  path: Assets/Resources/AudioMixer.mixer
  artifactKey: Guid(3eb798cdde570854fbc55316c2a12d82) Importer(815301076,1909f56bfc062723c751e8b465ee728b)
Start importing Assets/Resources/AudioMixer.mixer using Guid(3eb798cdde570854fbc55316c2a12d82) Importer(815301076,1909f56bfc062723c751e8b465ee728b)  -> (artifact id: '5d3ca0ca3fa771adbb7dc1e054eabc99') in 0.017445 seconds
  Import took 0.033767 seconds .

========================================================================
Received Import Request.
  Time since last request: 5.924769 seconds.
  path: Assets/Resources/AudioMixer.mixer
  artifactKey: Guid(3eb798cdde570854fbc55316c2a12d82) Importer(815301076,1909f56bfc062723c751e8b465ee728b)
Start importing Assets/Resources/AudioMixer.mixer using Guid(3eb798cdde570854fbc55316c2a12d82) Importer(815301076,1909f56bfc062723c751e8b465ee728b)  -> (artifact id: '5d66c2c61c2a2ed45d6f33ab454dc456') in 0.005679 seconds
  Import took 0.015354 seconds .

========================================================================
Received Prepare
Registering precompiled user dll's ...
Registered in 0.001547 seconds.
Begin MonoManager ReloadAssembly
Native extension for WindowsStandalone target not found
Refreshing native plugins compatible for Editor in 0.76 ms, found 1 plugins.
Preloading 0 native plugins for Editor in 0.00 ms.
Invoked RoslynAnalysisRunner static constructor.
RoslynAnalysisRunner will not be running.
RoslynAnalysisRunner has terminated.
Mono: successfully reloaded assembly
- Completed reload, in  1.307 seconds
Platform modules already initialized, skipping
Shader 'Universal Render Pipeline/Particles/Lit': fallback shader 'Universal Render Pipeline/Particles/SimpleLit' not found
Refreshing native plugins compatible for Editor in 0.75 ms, found 1 plugins.
Preloading 0 native plugins for Editor in 0.00 ms.
Unloading 2893 Unused Serialized files (Serialized files now loaded: 0)
System memory in use before: 152.1 MB.
System memory in use after: 152.1 MB.

Unloading 10 unused Assets to reduce memory usage. Loaded Objects now: 3691.
Total: 3.975200 ms (FindLiveObjects: 0.434100 ms CreateObjectMapping: 0.249000 ms MarkObjects: 3.006500 ms  DeleteObjects: 0.283700 ms)

========================================================================
Received Prepare
Registering precompiled user dll's ...
Registered in 0.001672 seconds.
Begin MonoManager ReloadAssembly
Native extension for WindowsStandalone target not found
Refreshing native plugins compatible for Editor in 0.66 ms, found 1 plugins.
Preloading 0 native plugins for Editor in 0.00 ms.
Invoked RoslynAnalysisRunner static constructor.
RoslynAnalysisRunner will not be running.
RoslynAnalysisRunner has terminated.
Mono: successfully reloaded assembly
- Completed reload, in  1.128 seconds
Platform modules already initialized, skipping
Shader 'Universal Render Pipeline/Particles/Lit': fallback shader 'Universal Render Pipeline/Particles/SimpleLit' not found
Refreshing native plugins compatible for Editor in 0.62 ms, found 1 plugins.
Preloading 0 native plugins for Editor in 0.00 ms.
Unloading 2893 Unused Serialized files (Serialized files now loaded: 0)
System memory in use before: 152.1 MB.
System memory in use after: 152.1 MB.

Unloading 10 unused Assets to reduce memory usage. Loaded Objects now: 3695.
Total: 4.792500 ms (FindLiveObjects: 0.580800 ms CreateObjectMapping: 0.329800 ms MarkObjects: 3.627700 ms  DeleteObjects: 0.252800 ms)

========================================================================
Received Import Request.
  Time since last request: 198.313001 seconds.
  path: Assets/Scripts/VolumeValueSounds.cs
  artifactKey: Guid(e57a97aad63c2364b98cd95e1ea58509) Importer(815301076,1909f56bfc062723c751e8b465ee728b)
Start importing Assets/Scripts/VolumeValueSounds.cs using Guid(e57a97aad63c2364b98cd95e1ea58509) Importer(815301076,1909f56bfc062723c751e8b465ee728b)  -> (artifact id: 'a6be0993979ffb56f4f4cb02000b12a4') in 0.023593 seconds
  Import took 0.032292 seconds .

========================================================================
Received Import Request.
  Time since last request: 1.597385 seconds.
  path: Assets/Scripts/VolumeValue.cs
  artifactKey: Guid(ef6477642e097ee46bdf1358d3073361) Importer(815301076,1909f56bfc062723c751e8b465ee728b)
Start importing Assets/Scripts/VolumeValue.cs using Guid(ef6477642e097ee46bdf1358d3073361) Importer(815301076,1909f56bfc062723c751e8b465ee728b)  -> (artifact id: '53ac2eb26badddc49af525238737cdbe') in 0.012955 seconds
  Import took 0.020977 seconds .

========================================================================
Received Prepare
Registering precompiled user dll's ...
Registered in 0.001928 seconds.
Begin MonoManager ReloadAssembly
Native extension for WindowsStandalone target not found
Refreshing native plugins compatible for Editor in 0.86 ms, found 1 plugins.
Preloading 0 native plugins for Editor in 0.00 ms.
Invoked RoslynAnalysisRunner static constructor.
RoslynAnalysisRunner will not be running.
RoslynAnalysisRunner has terminated.
Mono: successfully reloaded assembly
- Completed reload, in  1.159 seconds
Platform modules already initialized, skipping
Shader 'Universal Render Pipeline/Particles/Lit': fallback shader 'Universal Render Pipeline/Particles/SimpleLit' not found
Refreshing native plugins compatible for Editor in 0.77 ms, found 1 plugins.
Preloading 0 native plugins for Editor in 0.00 ms.
Unloading 2893 Unused Serialized files (Serialized files now loaded: 0)
System memory in use before: 152.1 MB.
System memory in use after: 152.1 MB.

Unloading 10 unused Assets to reduce memory usage. Loaded Objects now: 3699.
Total: 3.709200 ms (FindLiveObjects: 0.496900 ms CreateObjectMapping: 0.266800 ms MarkObjects: 2.591100 ms  DeleteObjects: 0.353200 ms)

========================================================================
Received Prepare
Registering precompiled user dll's ...
Registered in 0.001664 seconds.
Begin MonoManager ReloadAssembly
Native extension for WindowsStandalone target not found
Refreshing native plugins compatible for Editor in 0.63 ms, found 1 plugins.
Preloading 0 native plugins for Editor in 0.00 ms.
Invoked RoslynAnalysisRunner static constructor.
RoslynAnalysisRunner will not be running.
RoslynAnalysisRunner has terminated.
Mono: successfully reloaded assembly
- Completed reload, in  1.083 seconds
Platform modules already initialized, skipping
Shader 'Universal Render Pipeline/Particles/Lit': fallback shader 'Universal Render Pipeline/Particles/SimpleLit' not found
Refreshing native plugins compatible for Editor in 0.72 ms, found 1 plugins.
Preloading 0 native plugins for Editor in 0.00 ms.
Unloading 2893 Unused Serialized files (Serialized files now loaded: 0)
System memory in use before: 152.1 MB.
System memory in use after: 152.1 MB.

Unloading 10 unused Assets to reduce memory usage. Loaded Objects now: 3703.
Total: 5.334900 ms (FindLiveObjects: 0.619000 ms CreateObjectMapping: 0.389200 ms MarkObjects: 3.981900 ms  DeleteObjects: 0.342900 ms)

========================================================================
Received Prepare
Registering precompiled user dll's ...
Registered in 0.001637 seconds.
Begin MonoManager ReloadAssembly
Native extension for WindowsStandalone target not found
Refreshing native plugins compatible for Editor in 0.94 ms, found 1 plugins.
Preloading 0 native plugins for Editor in 0.00 ms.
Invoked RoslynAnalysisRunner static constructor.
RoslynAnalysisRunner will not be running.
RoslynAnalysisRunner has terminated.
Mono: successfully reloaded assembly
- Completed reload, in  1.160 seconds
Platform modules already initialized, skipping
Shader 'Universal Render Pipeline/Particles/Lit': fallback shader 'Universal Render Pipeline/Particles/SimpleLit' not found
Refreshing native plugins compatible for Editor in 0.77 ms, found 1 plugins.
Preloading 0 native plugins for Editor in 0.00 ms.
Unloading 2893 Unused Serialized files (Serialized files now loaded: 0)
System memory in use before: 152.1 MB.
System memory in use after: 152.1 MB.

Unloading 10 unused Assets to reduce memory usage. Loaded Objects now: 3707.
Total: 4.185800 ms (FindLiveObjects: 0.441700 ms CreateObjectMapping: 0.188800 ms MarkObjects: 3.263800 ms  DeleteObjects: 0.290400 ms)

========================================================================
Received Prepare
Registering precompiled user dll's ...
Registered in 0.002025 seconds.
Begin MonoManager ReloadAssembly
Native extension for WindowsStandalone target not found
Refreshing native plugins compatible for Editor in 0.62 ms, found 1 plugins.
Preloading 0 native plugins for Editor in 0.00 ms.
Invoked RoslynAnalysisRunner static constructor.
RoslynAnalysisRunner will not be running.
RoslynAnalysisRunner has terminated.
Mono: successfully reloaded assembly
- Completed reload, in  1.086 seconds
Platform modules already initialized, skipping
Shader 'Universal Render Pipeline/Particles/Lit': fallback shader 'Universal Render Pipeline/Particles/SimpleLit' not found
Refreshing native plugins compatible for Editor in 0.73 ms, found 1 plugins.
Preloading 0 native plugins for Editor in 0.00 ms.
Unloading 2893 Unused Serialized files (Serialized files now loaded: 0)
System memory in use before: 152.1 MB.
System memory in use after: 152.1 MB.

Unloading 10 unused Assets to reduce memory usage. Loaded Objects now: 3711.
Total: 3.708900 ms (FindLiveObjects: 0.491900 ms CreateObjectMapping: 0.208900 ms MarkObjects: 2.713600 ms  DeleteObjects: 0.293300 ms)

========================================================================
Received Prepare
Registering precompiled user dll's ...
Registered in 0.008386 seconds.
Begin MonoManager ReloadAssembly
Native extension for WindowsStandalone target not found
Refreshing native plugins compatible for Editor in 1.52 ms, found 1 plugins.
Preloading 0 native plugins for Editor in 0.00 ms.
Invoked RoslynAnalysisRunner static constructor.
RoslynAnalysisRunner will not be running.
RoslynAnalysisRunner has terminated.
Mono: successfully reloaded assembly
- Completed reload, in  4.074 seconds
Platform modules already initialized, skipping
Shader 'Universal Render Pipeline/Particles/Lit': fallback shader 'Universal Render Pipeline/Particles/SimpleLit' not found
Refreshing native plugins compatible for Editor in 0.80 ms, found 1 plugins.
Preloading 0 native plugins for Editor in 0.00 ms.
Unloading 2893 Unused Serialized files (Serialized files now loaded: 0)
System memory in use before: 152.1 MB.
System memory in use after: 152.1 MB.

Unloading 10 unused Assets to reduce memory usage. Loaded Objects now: 3715.
Total: 4.076200 ms (FindLiveObjects: 0.586300 ms CreateObjectMapping: 0.288700 ms MarkObjects: 2.899200 ms  DeleteObjects: 0.300600 ms)

========================================================================
Received Prepare
Registering precompiled user dll's ...
Registered in 0.001599 seconds.
Begin MonoManager ReloadAssembly
Native extension for WindowsStandalone target not found
Refreshing native plugins compatible for Editor in 0.71 ms, found 1 plugins.
Preloading 0 native plugins for Editor in 0.00 ms.
Invoked RoslynAnalysisRunner static constructor.
RoslynAnalysisRunner will not be running.
RoslynAnalysisRunner has terminated.
Mono: successfully reloaded assembly
- Completed reload, in  1.099 seconds
Platform modules already initialized, skipping
Shader 'Universal Render Pipeline/Particles/Lit': fallback shader 'Universal Render Pipeline/Particles/SimpleLit' not found
Refreshing native plugins compatible for Editor in 0.64 ms, found 1 plugins.
Preloading 0 native plugins for Editor in 0.00 ms.
Unloading 2893 Unused Serialized files (Serialized files now loaded: 0)
System memory in use before: 152.1 MB.
System memory in use after: 152.2 MB.

Unloading 10 unused Assets to reduce memory usage. Loaded Objects now: 3719.
Total: 6.265100 ms (FindLiveObjects: 0.655800 ms CreateObjectMapping: 0.393500 ms MarkObjects: 4.797200 ms  DeleteObjects: 0.416000 ms)

========================================================================
Received Prepare
Registering precompiled user dll's ...
Registered in 0.001572 seconds.
Begin MonoManager ReloadAssembly
Native extension for WindowsStandalone target not found
Refreshing native plugins compatible for Editor in 0.85 ms, found 1 plugins.
Preloading 0 native plugins for Editor in 0.00 ms.
Invoked RoslynAnalysisRunner static constructor.
RoslynAnalysisRunner will not be running.
RoslynAnalysisRunner has terminated.
Mono: successfully reloaded assembly
- Completed reload, in  1.524 seconds
Platform modules already initialized, skipping
Shader 'Universal Render Pipeline/Particles/Lit': fallback shader 'Universal Render Pipeline/Particles/SimpleLit' not found
Refreshing native plugins compatible for Editor in 0.73 ms, found 1 plugins.
Preloading 0 native plugins for Editor in 0.00 ms.
Unloading 2893 Unused Serialized files (Serialized files now loaded: 0)
System memory in use before: 152.1 MB.
System memory in use after: 152.2 MB.

Unloading 10 unused Assets to reduce memory usage. Loaded Objects now: 3723.
Total: 3.855200 ms (FindLiveObjects: 0.416100 ms CreateObjectMapping: 0.231900 ms MarkObjects: 2.923600 ms  DeleteObjects: 0.281800 ms)

========================================================================
Received Prepare
Registering precompiled user dll's ...
Registered in 0.001597 seconds.
Begin MonoManager ReloadAssembly
Native extension for WindowsStandalone target not found
Refreshing native plugins compatible for Editor in 0.68 ms, found 1 plugins.
Preloading 0 native plugins for Editor in 0.00 ms.
Invoked RoslynAnalysisRunner static constructor.
RoslynAnalysisRunner will not be running.
RoslynAnalysisRunner has terminated.
Mono: successfully reloaded assembly
- Completed reload, in  1.383 seconds
Platform modules already initialized, skipping
Shader 'Universal Render Pipeline/Particles/Lit': fallback shader 'Universal Render Pipeline/Particles/SimpleLit' not found
Refreshing native plugins compatible for Editor in 0.65 ms, found 1 plugins.
Preloading 0 native plugins for Editor in 0.00 ms.
Unloading 2893 Unused Serialized files (Serialized files now loaded: 0)
System memory in use before: 152.2 MB.
System memory in use after: 152.2 MB.

Unloading 10 unused Assets to reduce memory usage. Loaded Objects now: 3727.
Total: 4.662000 ms (FindLiveObjects: 0.703200 ms CreateObjectMapping: 0.325400 ms MarkObjects: 3.356900 ms  DeleteObjects: 0.275100 ms)

AssetImportWorkerClient::OnTransportError - code=2 error=End of file
