Using pre-set license
Built from '2020.3/staging' branch; Version is '2020.3.3f1 (76626098c1c4) revision 7758432'; Using compiler version '192528614'; Build Type 'Release'
OS: 'Windows 10 Home; OS build 19042.1052; Version 2009; 64bit' Language: 'ru' Physical Memory: 7990 MB
BatchMode: 1, IsHumanControllingUs: 0, StartBugReporterOnCrash: 0, Is64bit: 1, IsPro: 0

 COMMAND LINE ARGUMENTS:
C:\Program Files\Unity\Hub\Editor\2020.3.3f1\Editor\Unity.exe
-adb2
-batchMode
-noUpm
-name
AssetImportWorker19
-projectPath
C:/Users/Даша/UnityProjects/LostInDreams/LostInDreams
-logFile
Logs/AssetImportWorker19.log
-srvPort
50048
Successfully changed project path to: C:/Users/Даша/UnityProjects/LostInDreams/LostInDreams
C:/Users/Даша/UnityProjects/LostInDreams/LostInDreams
Using Asset Import Pipeline V2.
Refreshing native plugins compatible for Editor in 549.42 ms, found 1 plugins.
Preloading 0 native plugins for Editor in 0.00 ms.
Initialize engine version: 2020.3.3f1 (76626098c1c4)
[Subsystems] Discovering subsystems at path C:/Program Files/Unity/Hub/Editor/2020.3.3f1/Editor/Data/Resources/UnitySubsystems
[Subsystems] Discovering subsystems at path C:/Users/Даша/UnityProjects/LostInDreams/LostInDreams/Assets
GfxDevice: creating device client; threaded=0
Direct3D:
    Version:  Direct3D 11.0 [level 11.1]
    Renderer: Intel(R) UHD Graphics 620 (ID=0x3ea0)
    Vendor:   
    VRAM:     3995 MB
    Driver:   26.20.100.7372
Shader 'Universal Render Pipeline/Particles/Lit': fallback shader 'Universal Render Pipeline/Particles/SimpleLit' not found
Initialize mono
Mono path[0] = 'C:/Program Files/Unity/Hub/Editor/2020.3.3f1/Editor/Data/Managed'
Mono path[1] = 'C:/Program Files/Unity/Hub/Editor/2020.3.3f1/Editor/Data/MonoBleedingEdge/lib/mono/unityjit'
Mono config path = 'C:/Program Files/Unity/Hub/Editor/2020.3.3f1/Editor/Data/MonoBleedingEdge/etc'
Using monoOptions --debugger-agent=transport=dt_socket,embedding=1,server=y,suspend=n,address=127.0.0.1:56968
Begin MonoManager ReloadAssembly
Registering precompiled unity dll's ...
Register platform support module: C:/Program Files/Unity/Hub/Editor/2020.3.3f1/Editor/Data/PlaybackEngines/WindowsStandaloneSupport/UnityEditor.WindowsStandalone.Extensions.dll
Registered in 0.010619 seconds.
Native extension for WindowsStandalone target not found
Refreshing native plugins compatible for Editor in 582.89 ms, found 1 plugins.
Preloading 0 native plugins for Editor in 0.00 ms.
Invoked RoslynAnalysisRunner static constructor.
RoslynAnalysisRunner will not be running.
RoslynAnalysisRunner has terminated.
Mono: successfully reloaded assembly
- Completed reload, in  8.911 seconds
Platform modules already initialized, skipping
Registering precompiled user dll's ...
Registered in 0.010033 seconds.
Begin MonoManager ReloadAssembly
Native extension for WindowsStandalone target not found
Refreshing native plugins compatible for Editor in 634.04 ms, found 1 plugins.
Preloading 0 native plugins for Editor in 0.00 ms.
Invoked RoslynAnalysisRunner static constructor.
RoslynAnalysisRunner will not be running.
RoslynAnalysisRunner has terminated.
Mono: successfully reloaded assembly
- Completed reload, in  9.389 seconds
Platform modules already initialized, skipping
========================================================================
Worker process is ready to serve import requests
Shader 'Universal Render Pipeline/Particles/Lit': fallback shader 'Universal Render Pipeline/Particles/SimpleLit' not found
Launched and connected shader compiler UnityShaderCompiler.exe after 0.30 seconds
Refreshing native plugins compatible for Editor in 2.99 ms, found 1 plugins.
Preloading 0 native plugins for Editor in 0.00 ms.
Unloading 2996 Unused Serialized files (Serialized files now loaded: 0)
System memory in use before: 152.7 MB.
System memory in use after: 152.7 MB.

Unloading 21 unused Assets to reduce memory usage. Loaded Objects now: 3468.
Total: 18.774400 ms (FindLiveObjects: 1.453400 ms CreateObjectMapping: 1.020200 ms MarkObjects: 14.722100 ms  DeleteObjects: 1.571400 ms)

========================================================================
Received Import Request.
  path: Assets/Scripts/intro.cs
  artifactKey: Guid(f6c143ecf1a78294ba79482378e8dbfd) Importer(815301076,1909f56bfc062723c751e8b465ee728b)
Start importing Assets/Scripts/intro.cs using Guid(f6c143ecf1a78294ba79482378e8dbfd) Importer(815301076,1909f56bfc062723c751e8b465ee728b)  -> (artifact id: '40a3cc6bc1bbb83384a8509462210895') in 0.168187 seconds
  Import took 0.204776 seconds .

========================================================================
Received Import Request.
  Time since last request: 5640.729890 seconds.
  path: Assets/Sprites/player/player_down.png
  artifactKey: Guid(f4baef810a62db04b918c88f3fc713b3) Importer(815301076,1909f56bfc062723c751e8b465ee728b)
Start importing Assets/Sprites/player/player_down.png using Guid(f4baef810a62db04b918c88f3fc713b3) Importer(815301076,1909f56bfc062723c751e8b465ee728b)  -> (artifact id: 'a2b9d316e967a95e137bed15327c3fe3') in 1.019197 seconds
  Import took 1.097133 seconds .

========================================================================
Received Import Request.
  Time since last request: 0.001448 seconds.
  path: Assets/Sprites/player/player_left.png
  artifactKey: Guid(68373558d1540ea45a9f4a93afd636f2) Importer(815301076,1909f56bfc062723c751e8b465ee728b)
Start importing Assets/Sprites/player/player_left.png using Guid(68373558d1540ea45a9f4a93afd636f2) Importer(815301076,1909f56bfc062723c751e8b465ee728b)  -> (artifact id: 'a53b364264fe6d7d8a66b736f87411fa') in 1.318061 seconds
  Import took 1.365870 seconds .

========================================================================
Received Import Request.
  Time since last request: 0.003509 seconds.
  path: Assets/Sprites/player/player_up.png
  artifactKey: Guid(bcfea777e23a8e647b0e1c48caea6905) Importer(815301076,1909f56bfc062723c751e8b465ee728b)
Start importing Assets/Sprites/player/player_up.png using Guid(bcfea777e23a8e647b0e1c48caea6905) Importer(815301076,1909f56bfc062723c751e8b465ee728b)  -> (artifact id: '877af68f7723f302d809dfbdbb306f30') in 2.790999 seconds
  Import took 2.828020 seconds .

========================================================================
Received Import Request.
  Time since last request: 0.001122 seconds.
  path: Assets/Sprites/player/player_right.png
  artifactKey: Guid(fbce56ee3c8803b40ae40c8832eb1383) Importer(815301076,1909f56bfc062723c751e8b465ee728b)
Start importing Assets/Sprites/player/player_right.png using Guid(fbce56ee3c8803b40ae40c8832eb1383) Importer(815301076,1909f56bfc062723c751e8b465ee728b)  -> (artifact id: '4c4801cfee53dbb5b589a0df6d159c8d') in 0.228837 seconds
  Import took 0.262263 seconds .

AssetImportWorkerClient::OnTransportError - code=2 error=End of file
