Using pre-set license
Built from '2020.3/staging' branch; Version is '2020.3.3f1 (76626098c1c4) revision 7758432'; Using compiler version '192528614'; Build Type 'Release'
OS: 'Windows 10 Home; OS build 19042.985; Version 2009; 64bit' Language: 'ru' Physical Memory: 7990 MB
BatchMode: 1, IsHumanControllingUs: 0, StartBugReporterOnCrash: 0, Is64bit: 1, IsPro: 0

 COMMAND LINE ARGUMENTS:
C:\Program Files\Unity\Hub\Editor\2020.3.3f1\Editor\Unity.exe
-adb2
-batchMode
-noUpm
-name
AssetImportWorker2
-projectPath
C:/Users/Даша/UnityProjects/LostInDreams-final/LostInDreams
-logFile
Logs/AssetImportWorker2.log
-srvPort
55017
Successfully changed project path to: C:/Users/Даша/UnityProjects/LostInDreams-final/LostInDreams
C:/Users/Даша/UnityProjects/LostInDreams-final/LostInDreams
Using Asset Import Pipeline V2.
Refreshing native plugins compatible for Editor in 323.51 ms, found 1 plugins.
Preloading 0 native plugins for Editor in 0.00 ms.
Initialize engine version: 2020.3.3f1 (76626098c1c4)
[Subsystems] Discovering subsystems at path C:/Program Files/Unity/Hub/Editor/2020.3.3f1/Editor/Data/Resources/UnitySubsystems
[Subsystems] Discovering subsystems at path C:/Users/Даша/UnityProjects/LostInDreams-final/LostInDreams/Assets
GfxDevice: creating device client; threaded=0
Direct3D:
    Version:  Direct3D 11.0 [level 11.1]
    Renderer: Intel(R) UHD Graphics 620 (ID=0x3ea0)
    Vendor:   
    VRAM:     3995 MB
    Driver:   26.20.100.7372
Shader 'Universal Render Pipeline/Particles/Lit': fallback shader 'Universal Render Pipeline/Particles/SimpleLit' not found
Initialize mono
Mono path[0] = 'C:/Program Files/Unity/Hub/Editor/2020.3.3f1/Editor/Data/Managed'
Mono path[1] = 'C:/Program Files/Unity/Hub/Editor/2020.3.3f1/Editor/Data/MonoBleedingEdge/lib/mono/unityjit'
Mono config path = 'C:/Program Files/Unity/Hub/Editor/2020.3.3f1/Editor/Data/MonoBleedingEdge/etc'
Using monoOptions --debugger-agent=transport=dt_socket,embedding=1,server=y,suspend=n,address=127.0.0.1:56896
Begin MonoManager ReloadAssembly
Registering precompiled unity dll's ...
Register platform support module: C:/Program Files/Unity/Hub/Editor/2020.3.3f1/Editor/Data/PlaybackEngines/WindowsStandaloneSupport/UnityEditor.WindowsStandalone.Extensions.dll
Registered in 0.004123 seconds.
Native extension for WindowsStandalone target not found
Refreshing native plugins compatible for Editor in 141.24 ms, found 1 plugins.
Preloading 0 native plugins for Editor in 0.00 ms.
Invoked RoslynAnalysisRunner static constructor.
RoslynAnalysisRunner will not be running.
RoslynAnalysisRunner has terminated.
Mono: successfully reloaded assembly
- Completed reload, in  2.462 seconds
Platform modules already initialized, skipping
Registering precompiled user dll's ...
Registered in 0.001908 seconds.
Begin MonoManager ReloadAssembly
Native extension for WindowsStandalone target not found
Refreshing native plugins compatible for Editor in 164.37 ms, found 1 plugins.
Preloading 0 native plugins for Editor in 0.00 ms.
Invoked RoslynAnalysisRunner static constructor.
RoslynAnalysisRunner will not be running.
RoslynAnalysisRunner has terminated.
Mono: successfully reloaded assembly
- Completed reload, in  2.885 seconds
Platform modules already initialized, skipping
========================================================================
Worker process is ready to serve import requests
Shader 'Universal Render Pipeline/Particles/Lit': fallback shader 'Universal Render Pipeline/Particles/SimpleLit' not found
Launched and connected shader compiler UnityShaderCompiler.exe after 0.10 seconds
Refreshing native plugins compatible for Editor in 1.21 ms, found 1 plugins.
Preloading 0 native plugins for Editor in 0.00 ms.
Unloading 2999 Unused Serialized files (Serialized files now loaded: 0)
System memory in use before: 153.0 MB.
System memory in use after: 153.0 MB.

Unloading 21 unused Assets to reduce memory usage. Loaded Objects now: 3471.
Total: 6.591500 ms (FindLiveObjects: 0.621300 ms CreateObjectMapping: 0.406400 ms MarkObjects: 5.041900 ms  DeleteObjects: 0.518300 ms)

========================================================================
Received Import Request.
  path: Assets/Scripts/Bedroom.cs
  artifactKey: Guid(50dc5ef40ab2df74c9550c7049f52a62) Importer(815301076,1909f56bfc062723c751e8b465ee728b)
Start importing Assets/Scripts/Bedroom.cs using Guid(50dc5ef40ab2df74c9550c7049f52a62) Importer(815301076,1909f56bfc062723c751e8b465ee728b)  -> (artifact id: '5536e4e6f391892989a77edeeb441099') in 0.115174 seconds
  Import took 0.127867 seconds .

========================================================================
Received Prepare
Registering precompiled user dll's ...
Registered in 0.002453 seconds.
Begin MonoManager ReloadAssembly
Native extension for WindowsStandalone target not found
Refreshing native plugins compatible for Editor in 8.50 ms, found 1 plugins.
Preloading 0 native plugins for Editor in 0.00 ms.
Invoked RoslynAnalysisRunner static constructor.
RoslynAnalysisRunner will not be running.
RoslynAnalysisRunner has terminated.
Mono: successfully reloaded assembly
- Completed reload, in  1.971 seconds
Platform modules already initialized, skipping
Shader 'Universal Render Pipeline/Particles/Lit': fallback shader 'Universal Render Pipeline/Particles/SimpleLit' not found
Refreshing native plugins compatible for Editor in 1.24 ms, found 1 plugins.
Preloading 0 native plugins for Editor in 0.00 ms.
Unloading 2893 Unused Serialized files (Serialized files now loaded: 0)
System memory in use before: 146.5 MB.
System memory in use after: 146.5 MB.

Unloading 11 unused Assets to reduce memory usage. Loaded Objects now: 3474.
Total: 4.023100 ms (FindLiveObjects: 0.415200 ms CreateObjectMapping: 0.253000 ms MarkObjects: 3.067000 ms  DeleteObjects: 0.285600 ms)

========================================================================
Received Prepare
Registering precompiled user dll's ...
Registered in 0.002836 seconds.
Begin MonoManager ReloadAssembly
Native extension for WindowsStandalone target not found
Refreshing native plugins compatible for Editor in 1.15 ms, found 1 plugins.
Preloading 0 native plugins for Editor in 0.00 ms.
Invoked RoslynAnalysisRunner static constructor.
RoslynAnalysisRunner will not be running.
RoslynAnalysisRunner has terminated.
Mono: successfully reloaded assembly
- Completed reload, in  2.353 seconds
Platform modules already initialized, skipping
Shader 'Universal Render Pipeline/Particles/Lit': fallback shader 'Universal Render Pipeline/Particles/SimpleLit' not found
Refreshing native plugins compatible for Editor in 0.72 ms, found 1 plugins.
Preloading 0 native plugins for Editor in 0.00 ms.
Unloading 2893 Unused Serialized files (Serialized files now loaded: 0)
System memory in use before: 146.6 MB.
System memory in use after: 146.6 MB.

Unloading 10 unused Assets to reduce memory usage. Loaded Objects now: 3478.
Total: 3.640700 ms (FindLiveObjects: 0.360000 ms CreateObjectMapping: 0.494300 ms MarkObjects: 2.548500 ms  DeleteObjects: 0.236500 ms)

========================================================================
Received Import Request.
  Time since last request: 406.733820 seconds.
  path: Assets/Scripts/Boss.cs
  artifactKey: Guid(e52bc909608b25048b8c4a7b161f76e2) Importer(815301076,1909f56bfc062723c751e8b465ee728b)
Start importing Assets/Scripts/Boss.cs using Guid(e52bc909608b25048b8c4a7b161f76e2) Importer(815301076,1909f56bfc062723c751e8b465ee728b)  -> (artifact id: '09d459c6e22e4dc570415e94cc18e03a') in 0.198628 seconds
  Import took 0.205254 seconds .

========================================================================
Received Prepare
Registering precompiled user dll's ...
Registered in 0.002685 seconds.
Begin MonoManager ReloadAssembly
Native extension for WindowsStandalone target not found
Refreshing native plugins compatible for Editor in 1.68 ms, found 1 plugins.
Preloading 0 native plugins for Editor in 0.00 ms.
Invoked RoslynAnalysisRunner static constructor.
RoslynAnalysisRunner will not be running.
RoslynAnalysisRunner has terminated.
Mono: successfully reloaded assembly
- Completed reload, in  2.433 seconds
Platform modules already initialized, skipping
Shader 'Universal Render Pipeline/Particles/Lit': fallback shader 'Universal Render Pipeline/Particles/SimpleLit' not found
Refreshing native plugins compatible for Editor in 1.06 ms, found 1 plugins.
Preloading 0 native plugins for Editor in 0.00 ms.
Unloading 2893 Unused Serialized files (Serialized files now loaded: 0)
System memory in use before: 146.6 MB.
System memory in use after: 146.6 MB.

Unloading 10 unused Assets to reduce memory usage. Loaded Objects now: 3482.
Total: 5.237100 ms (FindLiveObjects: 0.468200 ms CreateObjectMapping: 0.645800 ms MarkObjects: 3.800700 ms  DeleteObjects: 0.320800 ms)

========================================================================
Received Import Request.
  Time since last request: 495.748445 seconds.
  path: Assets/Scripts/Boss.cs
  artifactKey: Guid(e52bc909608b25048b8c4a7b161f76e2) Importer(815301076,1909f56bfc062723c751e8b465ee728b)
Start importing Assets/Scripts/Boss.cs using Guid(e52bc909608b25048b8c4a7b161f76e2) Importer(815301076,1909f56bfc062723c751e8b465ee728b)  -> (artifact id: 'd04f68cb93ac0e05cb86677083892e4d') in 0.012126 seconds
  Import took 0.022186 seconds .

========================================================================
Received Prepare
Registering precompiled user dll's ...
Registered in 0.001940 seconds.
Begin MonoManager ReloadAssembly
Native extension for WindowsStandalone target not found
Refreshing native plugins compatible for Editor in 1.34 ms, found 1 plugins.
Preloading 0 native plugins for Editor in 0.00 ms.
Invoked RoslynAnalysisRunner static constructor.
RoslynAnalysisRunner will not be running.
RoslynAnalysisRunner has terminated.
Mono: successfully reloaded assembly
- Completed reload, in  2.108 seconds
Platform modules already initialized, skipping
Shader 'Universal Render Pipeline/Particles/Lit': fallback shader 'Universal Render Pipeline/Particles/SimpleLit' not found
Refreshing native plugins compatible for Editor in 0.78 ms, found 1 plugins.
Preloading 0 native plugins for Editor in 0.00 ms.
Unloading 2893 Unused Serialized files (Serialized files now loaded: 0)
System memory in use before: 146.6 MB.
System memory in use after: 146.6 MB.

Unloading 10 unused Assets to reduce memory usage. Loaded Objects now: 3486.
Total: 4.523900 ms (FindLiveObjects: 0.476400 ms CreateObjectMapping: 0.563500 ms MarkObjects: 3.163400 ms  DeleteObjects: 0.318400 ms)

========================================================================
Received Prepare
Registering precompiled user dll's ...
Registered in 0.002093 seconds.
Begin MonoManager ReloadAssembly
Native extension for WindowsStandalone target not found
Refreshing native plugins compatible for Editor in 1.22 ms, found 1 plugins.
Preloading 0 native plugins for Editor in 0.00 ms.
Invoked RoslynAnalysisRunner static constructor.
RoslynAnalysisRunner will not be running.
RoslynAnalysisRunner has terminated.
Mono: successfully reloaded assembly
- Completed reload, in  2.124 seconds
Platform modules already initialized, skipping
Shader 'Universal Render Pipeline/Particles/Lit': fallback shader 'Universal Render Pipeline/Particles/SimpleLit' not found
Refreshing native plugins compatible for Editor in 0.73 ms, found 1 plugins.
Preloading 0 native plugins for Editor in 0.00 ms.
Unloading 2893 Unused Serialized files (Serialized files now loaded: 0)
System memory in use before: 146.6 MB.
System memory in use after: 146.6 MB.

Unloading 10 unused Assets to reduce memory usage. Loaded Objects now: 3490.
Total: 5.732100 ms (FindLiveObjects: 0.702800 ms CreateObjectMapping: 0.341700 ms MarkObjects: 2.985200 ms  DeleteObjects: 1.700200 ms)

========================================================================
Received Import Request.
  Time since last request: 657.373884 seconds.
  path: Assets/Scripts/PlayerSound.cs
  artifactKey: Guid(a9cde6ed3da278249960b6701590bff8) Importer(815301076,1909f56bfc062723c751e8b465ee728b)
Start importing Assets/Scripts/PlayerSound.cs using Guid(a9cde6ed3da278249960b6701590bff8) Importer(815301076,1909f56bfc062723c751e8b465ee728b)  -> (artifact id: 'cf43b9ee9b5de123a7b625dde34ab31c') in 0.019937 seconds
  Import took 0.030079 seconds .

========================================================================
Received Import Request.
  Time since last request: 0.003097 seconds.
  path: Assets/Scripts/PlayerSound.cs
  artifactKey: Guid(a9cde6ed3da278249960b6701590bff8) Importer(815301076,1909f56bfc062723c751e8b465ee728b)
Start importing Assets/Scripts/PlayerSound.cs using Guid(a9cde6ed3da278249960b6701590bff8) Importer(815301076,1909f56bfc062723c751e8b465ee728b)  -> (artifact id: 'cf43b9ee9b5de123a7b625dde34ab31c') in 0.003469 seconds
  Import took 0.012250 seconds .

========================================================================
Received Prepare
Registering precompiled user dll's ...
Registered in 0.004753 seconds.
Begin MonoManager ReloadAssembly
Native extension for WindowsStandalone target not found
Refreshing native plugins compatible for Editor in 0.76 ms, found 1 plugins.
Preloading 0 native plugins for Editor in 0.00 ms.
Invoked RoslynAnalysisRunner static constructor.
RoslynAnalysisRunner will not be running.
RoslynAnalysisRunner has terminated.
Mono: successfully reloaded assembly
- Completed reload, in  1.660 seconds
Platform modules already initialized, skipping
Shader 'Universal Render Pipeline/Particles/Lit': fallback shader 'Universal Render Pipeline/Particles/SimpleLit' not found
Refreshing native plugins compatible for Editor in 1.21 ms, found 1 plugins.
Preloading 0 native plugins for Editor in 0.00 ms.
Unloading 2892 Unused Serialized files (Serialized files now loaded: 0)
System memory in use before: 146.6 MB.
System memory in use after: 146.6 MB.

Unloading 11 unused Assets to reduce memory usage. Loaded Objects now: 3493.
Total: 6.014600 ms (FindLiveObjects: 0.636300 ms CreateObjectMapping: 0.347200 ms MarkObjects: 4.469600 ms  DeleteObjects: 0.559700 ms)

========================================================================
Received Prepare
Registering precompiled user dll's ...
Registered in 0.002234 seconds.
Begin MonoManager ReloadAssembly
Native extension for WindowsStandalone target not found
Refreshing native plugins compatible for Editor in 1.20 ms, found 1 plugins.
Preloading 0 native plugins for Editor in 0.00 ms.
Invoked RoslynAnalysisRunner static constructor.
RoslynAnalysisRunner will not be running.
RoslynAnalysisRunner has terminated.
Mono: successfully reloaded assembly
- Completed reload, in  1.824 seconds
Platform modules already initialized, skipping
Shader 'Universal Render Pipeline/Particles/Lit': fallback shader 'Universal Render Pipeline/Particles/SimpleLit' not found
Refreshing native plugins compatible for Editor in 1.71 ms, found 1 plugins.
Preloading 0 native plugins for Editor in 0.00 ms.
Unloading 2892 Unused Serialized files (Serialized files now loaded: 0)
System memory in use before: 146.6 MB.
System memory in use after: 146.6 MB.

Unloading 10 unused Assets to reduce memory usage. Loaded Objects now: 3497.
Total: 6.735800 ms (FindLiveObjects: 0.604600 ms CreateObjectMapping: 0.494300 ms MarkObjects: 5.153300 ms  DeleteObjects: 0.480900 ms)

========================================================================
Received Prepare
Registering precompiled user dll's ...
Registered in 0.002293 seconds.
Begin MonoManager ReloadAssembly
Native extension for WindowsStandalone target not found
Refreshing native plugins compatible for Editor in 1.51 ms, found 1 plugins.
Preloading 0 native plugins for Editor in 0.00 ms.
Invoked RoslynAnalysisRunner static constructor.
RoslynAnalysisRunner will not be running.
RoslynAnalysisRunner has terminated.
Mono: successfully reloaded assembly
- Completed reload, in  2.361 seconds
Platform modules already initialized, skipping
Shader 'Universal Render Pipeline/Particles/Lit': fallback shader 'Universal Render Pipeline/Particles/SimpleLit' not found
Refreshing native plugins compatible for Editor in 1.22 ms, found 1 plugins.
Preloading 0 native plugins for Editor in 0.00 ms.
Unloading 2892 Unused Serialized files (Serialized files now loaded: 0)
System memory in use before: 146.6 MB.
System memory in use after: 146.6 MB.

Unloading 10 unused Assets to reduce memory usage. Loaded Objects now: 3501.
Total: 6.937500 ms (FindLiveObjects: 0.577100 ms CreateObjectMapping: 0.549300 ms MarkObjects: 5.353900 ms  DeleteObjects: 0.454900 ms)

========================================================================
Received Import Request.
  Time since last request: 377.648576 seconds.
  path: Assets/Scripts/spawnEnemies.cs
  artifactKey: Guid(b152beee40657764cb3a784c65e13c92) Importer(815301076,1909f56bfc062723c751e8b465ee728b)
Start importing Assets/Scripts/spawnEnemies.cs using Guid(b152beee40657764cb3a784c65e13c92) Importer(815301076,1909f56bfc062723c751e8b465ee728b)  -> (artifact id: '7c7b6d971527251f635aa9505544a16b') in 0.015356 seconds
  Import took 0.022223 seconds .

========================================================================
Received Import Request.
  Time since last request: 0.029405 seconds.
  path: Assets/Scripts/spawnEnemies.cs
  artifactKey: Guid(b152beee40657764cb3a784c65e13c92) Importer(815301076,1909f56bfc062723c751e8b465ee728b)
Start importing Assets/Scripts/spawnEnemies.cs using Guid(b152beee40657764cb3a784c65e13c92) Importer(815301076,1909f56bfc062723c751e8b465ee728b)  -> (artifact id: '7c7b6d971527251f635aa9505544a16b') in 0.010866 seconds
  Import took 0.017660 seconds .

========================================================================
Received Prepare
Registering precompiled user dll's ...
Registered in 0.002384 seconds.
Begin MonoManager ReloadAssembly
Native extension for WindowsStandalone target not found
Refreshing native plugins compatible for Editor in 1.23 ms, found 1 plugins.
Preloading 0 native plugins for Editor in 0.00 ms.
Invoked RoslynAnalysisRunner static constructor.
RoslynAnalysisRunner will not be running.
RoslynAnalysisRunner has terminated.
Mono: successfully reloaded assembly
- Completed reload, in  2.748 seconds
Platform modules already initialized, skipping
Shader 'Universal Render Pipeline/Particles/Lit': fallback shader 'Universal Render Pipeline/Particles/SimpleLit' not found
Refreshing native plugins compatible for Editor in 0.79 ms, found 1 plugins.
Preloading 0 native plugins for Editor in 0.00 ms.
Unloading 2891 Unused Serialized files (Serialized files now loaded: 0)
System memory in use before: 146.6 MB.
System memory in use after: 146.6 MB.

Unloading 11 unused Assets to reduce memory usage. Loaded Objects now: 3504.
Total: 4.901300 ms (FindLiveObjects: 1.264100 ms CreateObjectMapping: 0.620000 ms MarkObjects: 2.738200 ms  DeleteObjects: 0.277300 ms)

========================================================================
Received Prepare
Registering precompiled user dll's ...
Registered in 0.002024 seconds.
Begin MonoManager ReloadAssembly
Native extension for WindowsStandalone target not found
Refreshing native plugins compatible for Editor in 1.31 ms, found 1 plugins.
Preloading 0 native plugins for Editor in 0.00 ms.
Invoked RoslynAnalysisRunner static constructor.
RoslynAnalysisRunner will not be running.
RoslynAnalysisRunner has terminated.
Mono: successfully reloaded assembly
- Completed reload, in  1.984 seconds
Platform modules already initialized, skipping
Shader 'Universal Render Pipeline/Particles/Lit': fallback shader 'Universal Render Pipeline/Particles/SimpleLit' not found
Refreshing native plugins compatible for Editor in 0.91 ms, found 1 plugins.
Preloading 0 native plugins for Editor in 0.00 ms.
Unloading 2891 Unused Serialized files (Serialized files now loaded: 0)
System memory in use before: 146.6 MB.
System memory in use after: 146.6 MB.

Unloading 10 unused Assets to reduce memory usage. Loaded Objects now: 3508.
Total: 5.097600 ms (FindLiveObjects: 0.791800 ms CreateObjectMapping: 0.502200 ms MarkObjects: 3.517300 ms  DeleteObjects: 0.284000 ms)

========================================================================
Received Prepare
Registering precompiled user dll's ...
Registered in 0.002067 seconds.
Begin MonoManager ReloadAssembly
Native extension for WindowsStandalone target not found
Refreshing native plugins compatible for Editor in 0.98 ms, found 1 plugins.
Preloading 0 native plugins for Editor in 0.00 ms.
Invoked RoslynAnalysisRunner static constructor.
RoslynAnalysisRunner will not be running.
RoslynAnalysisRunner has terminated.
Mono: successfully reloaded assembly
- Completed reload, in  2.374 seconds
Platform modules already initialized, skipping
Shader 'Universal Render Pipeline/Particles/Lit': fallback shader 'Universal Render Pipeline/Particles/SimpleLit' not found
Refreshing native plugins compatible for Editor in 0.90 ms, found 1 plugins.
Preloading 0 native plugins for Editor in 0.00 ms.
Unloading 2890 Unused Serialized files (Serialized files now loaded: 0)
System memory in use before: 146.6 MB.
System memory in use after: 146.6 MB.

Unloading 11 unused Assets to reduce memory usage. Loaded Objects now: 3511.
Total: 6.113800 ms (FindLiveObjects: 0.668200 ms CreateObjectMapping: 0.525800 ms MarkObjects: 4.458800 ms  DeleteObjects: 0.452000 ms)

========================================================================
Received Prepare
Registering precompiled user dll's ...
Registered in 0.001905 seconds.
Begin MonoManager ReloadAssembly
Native extension for WindowsStandalone target not found
Refreshing native plugins compatible for Editor in 1.03 ms, found 1 plugins.
Preloading 0 native plugins for Editor in 0.00 ms.
Invoked RoslynAnalysisRunner static constructor.
RoslynAnalysisRunner will not be running.
RoslynAnalysisRunner has terminated.
Mono: successfully reloaded assembly
- Completed reload, in  2.448 seconds
Platform modules already initialized, skipping
Shader 'Universal Render Pipeline/Particles/Lit': fallback shader 'Universal Render Pipeline/Particles/SimpleLit' not found
Refreshing native plugins compatible for Editor in 1.16 ms, found 1 plugins.
Preloading 0 native plugins for Editor in 0.00 ms.
Unloading 2889 Unused Serialized files (Serialized files now loaded: 0)
System memory in use before: 146.6 MB.
System memory in use after: 146.6 MB.

Unloading 11 unused Assets to reduce memory usage. Loaded Objects now: 3514.
Total: 11.289600 ms (FindLiveObjects: 1.563800 ms CreateObjectMapping: 0.607500 ms MarkObjects: 8.618300 ms  DeleteObjects: 0.497000 ms)

========================================================================
Received Prepare
Registering precompiled user dll's ...
Registered in 0.001917 seconds.
Begin MonoManager ReloadAssembly
Native extension for WindowsStandalone target not found
Refreshing native plugins compatible for Editor in 1.18 ms, found 1 plugins.
Preloading 0 native plugins for Editor in 0.00 ms.
Invoked RoslynAnalysisRunner static constructor.
RoslynAnalysisRunner will not be running.
RoslynAnalysisRunner has terminated.
Mono: successfully reloaded assembly
- Completed reload, in  2.615 seconds
Platform modules already initialized, skipping
Shader 'Universal Render Pipeline/Particles/Lit': fallback shader 'Universal Render Pipeline/Particles/SimpleLit' not found
Refreshing native plugins compatible for Editor in 1.15 ms, found 1 plugins.
Preloading 0 native plugins for Editor in 0.00 ms.
Unloading 2889 Unused Serialized files (Serialized files now loaded: 0)
System memory in use before: 146.6 MB.
System memory in use after: 146.6 MB.

Unloading 10 unused Assets to reduce memory usage. Loaded Objects now: 3518.
Total: 5.281500 ms (FindLiveObjects: 0.503200 ms CreateObjectMapping: 0.231600 ms MarkObjects: 4.154100 ms  DeleteObjects: 0.389900 ms)

========================================================================
Received Import Request.
  Time since last request: 434.176446 seconds.
  path: Assets/Prefabs/Boss.prefab
  artifactKey: Guid(afd8a04bcae57c545a7fb23bc9e89cc6) Importer(815301076,1909f56bfc062723c751e8b465ee728b)
Start importing Assets/Prefabs/Boss.prefab using Guid(afd8a04bcae57c545a7fb23bc9e89cc6) Importer(815301076,1909f56bfc062723c751e8b465ee728b)  -> (artifact id: '5c4a0d64a9dbbb39f861114890d04feb') in 0.476747 seconds
  Import took 0.488281 seconds .

========================================================================
Received Import Request.
  Time since last request: 0.000256 seconds.
  path: Assets/Prefabs/trap.prefab
  artifactKey: Guid(5ddb5439fc21879468377a1abd159462) Importer(815301076,1909f56bfc062723c751e8b465ee728b)
Start importing Assets/Prefabs/trap.prefab using Guid(5ddb5439fc21879468377a1abd159462) Importer(815301076,1909f56bfc062723c751e8b465ee728b)  -> (artifact id: 'b438a686d036d0705b45c3d6c75cadf0') in 0.040355 seconds
  Import took 0.051659 seconds .

========================================================================
Received Import Request.
  Time since last request: 0.000228 seconds.
  path: Assets/Prefabs/Boss.prefab
  artifactKey: Guid(afd8a04bcae57c545a7fb23bc9e89cc6) Importer(815301076,1909f56bfc062723c751e8b465ee728b)
Start importing Assets/Prefabs/Boss.prefab using Guid(afd8a04bcae57c545a7fb23bc9e89cc6) Importer(815301076,1909f56bfc062723c751e8b465ee728b)  -> (artifact id: '5c4a0d64a9dbbb39f861114890d04feb') in 0.026021 seconds
  Import took 0.033901 seconds .

========================================================================
Received Prepare
Registering precompiled user dll's ...
Registered in 0.004364 seconds.
Begin MonoManager ReloadAssembly
Native extension for WindowsStandalone target not found
Refreshing native plugins compatible for Editor in 1.24 ms, found 1 plugins.
Preloading 0 native plugins for Editor in 0.00 ms.
Invoked RoslynAnalysisRunner static constructor.
RoslynAnalysisRunner will not be running.
RoslynAnalysisRunner has terminated.
Mono: successfully reloaded assembly
- Completed reload, in  2.562 seconds
Platform modules already initialized, skipping
Shader 'Universal Render Pipeline/Particles/Lit': fallback shader 'Universal Render Pipeline/Particles/SimpleLit' not found
Refreshing native plugins compatible for Editor in 1.16 ms, found 1 plugins.
Preloading 0 native plugins for Editor in 0.00 ms.
Unloading 2889 Unused Serialized files (Serialized files now loaded: 0)
System memory in use before: 151.8 MB.
System memory in use after: 151.8 MB.

Unloading 10 unused Assets to reduce memory usage. Loaded Objects now: 3567.
Total: 6.548600 ms (FindLiveObjects: 0.715900 ms CreateObjectMapping: 0.439600 ms MarkObjects: 4.935600 ms  DeleteObjects: 0.454800 ms)

========================================================================
Received Import Request.
  Time since last request: 16.370398 seconds.
  path: Assets/Prefabs/Boss.prefab
  artifactKey: Guid(afd8a04bcae57c545a7fb23bc9e89cc6) Importer(815301076,1909f56bfc062723c751e8b465ee728b)
Start importing Assets/Prefabs/Boss.prefab using Guid(afd8a04bcae57c545a7fb23bc9e89cc6) Importer(815301076,1909f56bfc062723c751e8b465ee728b)  -> (artifact id: '09f4165656311b0b147b01840457467f') in 0.419372 seconds
  Import took 0.433165 seconds .

========================================================================
Received Import Request.
  Time since last request: 12.155574 seconds.
  path: Assets/Prefabs/trap.prefab
  artifactKey: Guid(5ddb5439fc21879468377a1abd159462) Importer(815301076,1909f56bfc062723c751e8b465ee728b)
Start importing Assets/Prefabs/trap.prefab using Guid(5ddb5439fc21879468377a1abd159462) Importer(815301076,1909f56bfc062723c751e8b465ee728b)  -> (artifact id: 'd7e621e70fd9c613972ab080e1760da5') in 0.034873 seconds
  Import took 0.051495 seconds .

========================================================================
Received Prepare
Registering precompiled user dll's ...
Registered in 0.001722 seconds.
Begin MonoManager ReloadAssembly
Native extension for WindowsStandalone target not found
Refreshing native plugins compatible for Editor in 0.86 ms, found 1 plugins.
Preloading 0 native plugins for Editor in 0.00 ms.
Invoked RoslynAnalysisRunner static constructor.
RoslynAnalysisRunner will not be running.
RoslynAnalysisRunner has terminated.
Mono: successfully reloaded assembly
- Completed reload, in  1.245 seconds
Platform modules already initialized, skipping
Shader 'Universal Render Pipeline/Particles/Lit': fallback shader 'Universal Render Pipeline/Particles/SimpleLit' not found
Refreshing native plugins compatible for Editor in 0.74 ms, found 1 plugins.
Preloading 0 native plugins for Editor in 0.00 ms.
Unloading 2889 Unused Serialized files (Serialized files now loaded: 0)
System memory in use before: 151.9 MB.
System memory in use after: 151.9 MB.

Unloading 10 unused Assets to reduce memory usage. Loaded Objects now: 3607.
Total: 5.266000 ms (FindLiveObjects: 1.008900 ms CreateObjectMapping: 0.702700 ms MarkObjects: 3.282800 ms  DeleteObjects: 0.270300 ms)

========================================================================
Received Prepare
Registering precompiled user dll's ...
Registered in 0.003668 seconds.
Begin MonoManager ReloadAssembly
Native extension for WindowsStandalone target not found
Refreshing native plugins compatible for Editor in 1.29 ms, found 1 plugins.
Preloading 0 native plugins for Editor in 0.00 ms.
Invoked RoslynAnalysisRunner static constructor.
RoslynAnalysisRunner will not be running.
RoslynAnalysisRunner has terminated.
Mono: successfully reloaded assembly
- Completed reload, in  2.401 seconds
Platform modules already initialized, skipping
Shader 'Universal Render Pipeline/Particles/Lit': fallback shader 'Universal Render Pipeline/Particles/SimpleLit' not found
Refreshing native plugins compatible for Editor in 1.21 ms, found 1 plugins.
Preloading 0 native plugins for Editor in 0.00 ms.
Unloading 2889 Unused Serialized files (Serialized files now loaded: 0)
System memory in use before: 151.9 MB.
System memory in use after: 151.9 MB.

Unloading 10 unused Assets to reduce memory usage. Loaded Objects now: 3611.
Total: 5.226500 ms (FindLiveObjects: 0.520900 ms CreateObjectMapping: 0.316100 ms MarkObjects: 3.907300 ms  DeleteObjects: 0.480200 ms)

========================================================================
Received Prepare
Registering precompiled user dll's ...
Registered in 0.001801 seconds.
Begin MonoManager ReloadAssembly
Native extension for WindowsStandalone target not found
Refreshing native plugins compatible for Editor in 0.71 ms, found 1 plugins.
Preloading 0 native plugins for Editor in 0.00 ms.
Invoked RoslynAnalysisRunner static constructor.
RoslynAnalysisRunner will not be running.
RoslynAnalysisRunner has terminated.
Mono: successfully reloaded assembly
- Completed reload, in  2.087 seconds
Platform modules already initialized, skipping
Shader 'Universal Render Pipeline/Particles/Lit': fallback shader 'Universal Render Pipeline/Particles/SimpleLit' not found
Refreshing native plugins compatible for Editor in 0.87 ms, found 1 plugins.
Preloading 0 native plugins for Editor in 0.00 ms.
Unloading 2889 Unused Serialized files (Serialized files now loaded: 0)
System memory in use before: 151.9 MB.
System memory in use after: 151.9 MB.

Unloading 10 unused Assets to reduce memory usage. Loaded Objects now: 3615.
Total: 4.977600 ms (FindLiveObjects: 0.466600 ms CreateObjectMapping: 0.277000 ms MarkObjects: 3.756600 ms  DeleteObjects: 0.475300 ms)

========================================================================
Received Prepare
Registering precompiled user dll's ...
Registered in 0.002063 seconds.
Begin MonoManager ReloadAssembly
Native extension for WindowsStandalone target not found
Refreshing native plugins compatible for Editor in 1.27 ms, found 1 plugins.
Preloading 0 native plugins for Editor in 0.00 ms.
Invoked RoslynAnalysisRunner static constructor.
RoslynAnalysisRunner will not be running.
RoslynAnalysisRunner has terminated.
Mono: successfully reloaded assembly
- Completed reload, in  1.813 seconds
Platform modules already initialized, skipping
Shader 'Universal Render Pipeline/Particles/Lit': fallback shader 'Universal Render Pipeline/Particles/SimpleLit' not found
Refreshing native plugins compatible for Editor in 0.73 ms, found 1 plugins.
Preloading 0 native plugins for Editor in 0.00 ms.
Unloading 2889 Unused Serialized files (Serialized files now loaded: 0)
System memory in use before: 151.9 MB.
System memory in use after: 151.9 MB.

Unloading 10 unused Assets to reduce memory usage. Loaded Objects now: 3619.
Total: 3.943300 ms (FindLiveObjects: 0.417100 ms CreateObjectMapping: 0.247900 ms MarkObjects: 2.996000 ms  DeleteObjects: 0.280700 ms)

========================================================================
Received Import Request.
  Time since last request: 290.569706 seconds.
  path: Assets/Resources/BSP.prefab
  artifactKey: Guid(e7d8f36c34941c5418b88720fac87cb6) Importer(815301076,1909f56bfc062723c751e8b465ee728b)
Start importing Assets/Resources/BSP.prefab using Guid(e7d8f36c34941c5418b88720fac87cb6) Importer(815301076,1909f56bfc062723c751e8b465ee728b)  -> (artifact id: '8690b7a80bfe8be643885dbf121395b4') in 0.068155 seconds
  Import took 0.077771 seconds .

========================================================================
Received Import Request.
  Time since last request: 0.000268 seconds.
  path: Assets/Resources/Player.prefab
  artifactKey: Guid(ba515cb1a2d77f043ba5a4e2be7c5be5) Importer(815301076,1909f56bfc062723c751e8b465ee728b)
Start importing Assets/Resources/Player.prefab using Guid(ba515cb1a2d77f043ba5a4e2be7c5be5) Importer(815301076,1909f56bfc062723c751e8b465ee728b)  -> (artifact id: 'aaaf211aabf45a44020f9ddd76b148b8') in 0.297121 seconds
  Import took 0.305836 seconds .

========================================================================
Received Import Request.
  Time since last request: 0.000338 seconds.
  path: Assets/Resources/Enemy.prefab
  artifactKey: Guid(63642c10953c8dc48b959c03d6eea774) Importer(815301076,1909f56bfc062723c751e8b465ee728b)
Start importing Assets/Resources/Enemy.prefab using Guid(63642c10953c8dc48b959c03d6eea774) Importer(815301076,1909f56bfc062723c751e8b465ee728b)  -> (artifact id: 'd11c9ce23295ccf8a4aa7e17adba808c') in 0.034170 seconds
  Import took 0.041343 seconds .

========================================================================
Received Import Request.
  Time since last request: 0.002049 seconds.
  path: Assets/Resources/Enemy.prefab
  artifactKey: Guid(63642c10953c8dc48b959c03d6eea774) Importer(815301076,1909f56bfc062723c751e8b465ee728b)
Start importing Assets/Resources/Enemy.prefab using Guid(63642c10953c8dc48b959c03d6eea774) Importer(815301076,1909f56bfc062723c751e8b465ee728b)  -> (artifact id: 'd11c9ce23295ccf8a4aa7e17adba808c') in 0.023164 seconds
  Import took 0.030598 seconds .

AssetImportWorkerClient::OnTransportError - code=2 error=End of file
